2018-11-29 00:26:12.692 INFO [main] [AbstractApplicationContext.java:590:prepareRefresh] : Refreshing org.springframework.context.annotation.AnnotationConfigApplicationContext@1e04fa0a: startup date [Thu Nov 29 00:26:12 CST 2018]; root of context hierarchy
2018-11-29 00:26:12.911 INFO [main] [AutowiredAnnotationBeanPostProcessor.java:154:<init>] : JSR-330 'javax.inject.Inject' annotation found and supported for autowiring
2018-11-29 00:26:12.947 INFO [main] [PostProcessorRegistrationDelegate.java:328:postProcessAfterInitialization] : Bean 'configurationPropertiesRebinderAutoConfiguration' of type [org.springframework.cloud.autoconfigure.ConfigurationPropertiesRebinderAutoConfiguration$$EnhancerBySpringCGLIB$$256d16ba] is not eligible for getting processed by all BeanPostProcessors (for example: not eligible for auto-proxying)
2018-11-29 00:26:13.137 INFO [main] [SpringApplication.java:663:logStartupProfileInfo] : The following profiles are active: dev
2018-11-29 00:26:13.148 INFO [main] [AbstractApplicationContext.java:590:prepareRefresh] : Refreshing org.springframework.boot.web.servlet.context.AnnotationConfigServletWebServerApplicationContext@37efd131: startup date [Thu Nov 29 00:26:13 CST 2018]; parent: org.springframework.context.annotation.AnnotationConfigApplicationContext@1e04fa0a
2018-11-29 00:26:13.992 INFO [main] [GenericScope.java:294:setSerializationId] : BeanFactory id=da3651fd-af90-3114-b332-b4d0e80465fe
2018-11-29 00:26:14.010 INFO [main] [AutowiredAnnotationBeanPostProcessor.java:154:<init>] : JSR-330 'javax.inject.Inject' annotation found and supported for autowiring
2018-11-29 00:26:14.120 INFO [main] [PostProcessorRegistrationDelegate.java:328:postProcessAfterInitialization] : Bean 'org.springframework.cloud.autoconfigure.ConfigurationPropertiesRebinderAutoConfiguration' of type [org.springframework.cloud.autoconfigure.ConfigurationPropertiesRebinderAutoConfiguration$$EnhancerBySpringCGLIB$$256d16ba] is not eligible for getting processed by all BeanPostProcessors (for example: not eligible for auto-proxying)
2018-11-29 00:26:14.439 INFO [main] [TomcatWebServer.java:91:initialize] : Tomcat initialized with port(s): 18080 (http)
2018-11-29 00:26:14.508 INFO [main] [DirectJDKLog.java:180:log] : Initializing ProtocolHandler ["http-nio-18080"]
2018-11-29 00:26:14.518 INFO [main] [DirectJDKLog.java:180:log] : Starting service [Tomcat]
2018-11-29 00:26:14.519 INFO [main] [DirectJDKLog.java:180:log] : Starting Servlet Engine: Apache Tomcat/8.5.31
2018-11-29 00:26:14.523 INFO [localhost-startStop-1] [DirectJDKLog.java:180:log] : The APR based Apache Tomcat Native library which allows optimal performance in production environments was not found on the java.library.path: [/Users/yanghai/Library/Java/Extensions:/Library/Java/Extensions:/Network/Library/Java/Extensions:/System/Library/Java/Extensions:/usr/lib/java:.]
2018-11-29 00:26:14.617 INFO [localhost-startStop-1] [DirectJDKLog.java:180:log] : Initializing Spring embedded WebApplicationContext
2018-11-29 00:26:14.617 INFO [localhost-startStop-1] [ServletWebServerApplicationContext.java:285:prepareWebApplicationContext] : Root WebApplicationContext: initialization completed in 1469 ms
2018-11-29 00:26:14.827 WARN [localhost-startStop-1] [URLConfigurationSource.java:121:<init>] : No URLs will be polled as dynamic configuration sources.
2018-11-29 00:26:14.828 INFO [localhost-startStop-1] [URLConfigurationSource.java:122:<init>] : To enable URLs as dynamic configuration sources, define System property archaius.configurationSource.additionalUrls or make config.properties available on classpath.
2018-11-29 00:26:14.842 INFO [localhost-startStop-1] [DynamicPropertyFactory.java:281:getInstance] : DynamicPropertyFactory is initialized with configuration sources: com.netflix.config.ConcurrentCompositeConfiguration@235c598f
2018-11-29 00:26:15.887 INFO [localhost-startStop-1] [AbstractFilterRegistrationBean.java:245:configure] : Mapping filter: 'characterEncodingFilter' to: [/*]
2018-11-29 00:26:15.888 INFO [localhost-startStop-1] [AbstractFilterRegistrationBean.java:245:configure] : Mapping filter: 'hiddenHttpMethodFilter' to: [/*]
2018-11-29 00:26:15.889 INFO [localhost-startStop-1] [AbstractFilterRegistrationBean.java:245:configure] : Mapping filter: 'httpPutFormContentFilter' to: [/*]
2018-11-29 00:26:15.889 INFO [localhost-startStop-1] [AbstractFilterRegistrationBean.java:245:configure] : Mapping filter: 'requestContextFilter' to: [/*]
2018-11-29 00:26:15.889 INFO [localhost-startStop-1] [AbstractFilterRegistrationBean.java:245:configure] : Mapping filter: 'httpTraceFilter' to: [/*]
2018-11-29 00:26:15.890 INFO [localhost-startStop-1] [AbstractFilterRegistrationBean.java:245:configure] : Mapping filter: 'webMvcMetricsFilter' to: [/*]
2018-11-29 00:26:15.890 INFO [localhost-startStop-1] [AbstractFilterRegistrationBean.java:258:configure] : Mapping filter: 'servletContainer' to urls: [/eureka/*]
2018-11-29 00:26:15.890 INFO [localhost-startStop-1] [ServletRegistrationBean.java:186:addRegistration] : Servlet dispatcherServlet mapped to [/]
2018-11-29 00:26:15.893 INFO [localhost-startStop-1] [ServletEndpointRegistrar.java:69:register] : Registered '/actuator/jolokia' to jolokia-actuator-endpoint
2018-11-29 00:26:15.984 INFO [localhost-startStop-1] [WebApplicationImpl.java:815:_initiate] : Initiating Jersey application, version 'Jersey: 1.19.1 03/11/2016 02:08 PM'
2018-11-29 00:26:16.068 INFO [localhost-startStop-1] [DiscoveryJerseyProvider.java:70:<init>] : Using JSON encoding codec LegacyJacksonJson
2018-11-29 00:26:16.068 INFO [localhost-startStop-1] [DiscoveryJerseyProvider.java:71:<init>] : Using JSON decoding codec LegacyJacksonJson
2018-11-29 00:26:16.204 INFO [localhost-startStop-1] [DiscoveryJerseyProvider.java:80:<init>] : Using XML encoding codec XStreamXml
2018-11-29 00:26:16.205 INFO [localhost-startStop-1] [DiscoveryJerseyProvider.java:81:<init>] : Using XML decoding codec XStreamXml
2018-11-29 00:26:16.827 WARN [main] [URLConfigurationSource.java:121:<init>] : No URLs will be polled as dynamic configuration sources.
2018-11-29 00:26:16.827 INFO [main] [URLConfigurationSource.java:122:<init>] : To enable URLs as dynamic configuration sources, define System property archaius.configurationSource.additionalUrls or make config.properties available on classpath.
2018-11-29 00:26:16.971 INFO [main] [AbstractUrlHandlerMapping.java:373:registerHandler] : Mapped URL path [/**/favicon.ico] onto handler of type [class org.springframework.web.servlet.resource.ResourceHttpRequestHandler]
2018-11-29 00:26:17.365 INFO [main] [RequestMappingHandlerAdapter.java:574:initControllerAdviceCache] : Looking for @ControllerAdvice: org.springframework.boot.web.servlet.context.AnnotationConfigServletWebServerApplicationContext@37efd131: startup date [Thu Nov 29 00:26:13 CST 2018]; parent: org.springframework.context.annotation.AnnotationConfigApplicationContext@1e04fa0a
2018-11-29 00:26:17.452 INFO [main] [AbstractHandlerMethodMapping.java:547:register] : Mapped "{[/error]}" onto public org.springframework.http.ResponseEntity<java.util.Map<java.lang.String, java.lang.Object>> org.springframework.boot.autoconfigure.web.servlet.error.BasicErrorController.error(javax.servlet.http.HttpServletRequest)
2018-11-29 00:26:17.453 INFO [main] [AbstractHandlerMethodMapping.java:547:register] : Mapped "{[/error],produces=[text/html]}" onto public org.springframework.web.servlet.ModelAndView org.springframework.boot.autoconfigure.web.servlet.error.BasicErrorController.errorHtml(javax.servlet.http.HttpServletRequest,javax.servlet.http.HttpServletResponse)
2018-11-29 00:26:17.463 INFO [main] [AbstractHandlerMethodMapping.java:547:register] : Mapped "{[/],methods=[GET]}" onto public java.lang.String org.springframework.cloud.netflix.eureka.server.EurekaController.status(javax.servlet.http.HttpServletRequest,java.util.Map<java.lang.String, java.lang.Object>)
2018-11-29 00:26:17.464 INFO [main] [AbstractHandlerMethodMapping.java:547:register] : Mapped "{[/lastn],methods=[GET]}" onto public java.lang.String org.springframework.cloud.netflix.eureka.server.EurekaController.lastn(javax.servlet.http.HttpServletRequest,java.util.Map<java.lang.String, java.lang.Object>)
2018-11-29 00:26:17.497 INFO [main] [AbstractUrlHandlerMapping.java:373:registerHandler] : Mapped URL path [/webjars/**] onto handler of type [class org.springframework.web.servlet.resource.ResourceHttpRequestHandler]
2018-11-29 00:26:17.497 INFO [main] [AbstractUrlHandlerMapping.java:373:registerHandler] : Mapped URL path [/**] onto handler of type [class org.springframework.web.servlet.resource.ResourceHttpRequestHandler]
2018-11-29 00:26:18.083 INFO [main] [SpringTemplateLoader.java:62:<init>] : SpringTemplateLoader for FreeMarker: using resource loader [org.springframework.boot.web.servlet.context.AnnotationConfigServletWebServerApplicationContext@37efd131: startup date [Thu Nov 29 00:26:13 CST 2018]; parent: org.springframework.context.annotation.AnnotationConfigApplicationContext@1e04fa0a] and template loader path [classpath:/templates/]
2018-11-29 00:26:18.084 INFO [main] [FreeMarkerConfigurer.java:131:postProcessTemplateLoaders] : ClassTemplateLoader for Spring macros added to FreeMarker configuration
2018-11-29 00:26:18.375 INFO [main] [InstanceInfoFactory.java:71:create] : Setting initial instance status as: STARTING
2018-11-29 00:26:18.432 INFO [main] [DiscoveryClient.java:349:<init>] : Initializing Eureka in region us-east-1
2018-11-29 00:26:18.433 INFO [main] [DiscoveryClient.java:352:<init>] : Client configured to neither register nor query for data.
2018-11-29 00:26:18.442 INFO [main] [DiscoveryClient.java:365:<init>] : Discovery Client initialized at timestamp 1543422378441 with initial instances count: 0
2018-11-29 00:26:18.522 INFO [main] [DefaultEurekaServerContext.java:63:initialize] : Initializing ...
2018-11-29 00:26:18.524 WARN [main] [PeerEurekaNodes.java:156:updatePeerEurekaNodes] : The replica size seems to be empty. Check the route 53 DNS Registry
2018-11-29 00:26:18.546 INFO [main] [AbstractInstanceRegistry.java:151:initRemoteRegionRegistry] : Finished initializing remote region registries. All known remote regions: []
2018-11-29 00:26:18.550 INFO [main] [DefaultEurekaServerContext.java:70:initialize] : Initialized
2018-11-29 00:26:18.581 INFO [main] [EndpointLinksResolver.java:59:<init>] : Exposing 19 endpoint(s) beneath base path '/actuator'
2018-11-29 00:26:18.600 INFO [main] [AbstractHandlerMethodMapping.java:547:register] : Mapped "{[/actuator/archaius],methods=[GET],produces=[application/vnd.spring-boot.actuator.v2+json || application/json]}" onto public java.lang.Object org.springframework.boot.actuate.endpoint.web.servlet.AbstractWebMvcEndpointHandlerMapping$OperationHandler.handle(javax.servlet.http.HttpServletRequest,java.util.Map<java.lang.String, java.lang.String>)
2018-11-29 00:26:18.604 INFO [main] [AbstractHandlerMethodMapping.java:547:register] : Mapped "{[/actuator/auditevents],methods=[GET],produces=[application/vnd.spring-boot.actuator.v2+json || application/json]}" onto public java.lang.Object org.springframework.boot.actuate.endpoint.web.servlet.AbstractWebMvcEndpointHandlerMapping$OperationHandler.handle(javax.servlet.http.HttpServletRequest,java.util.Map<java.lang.String, java.lang.String>)
2018-11-29 00:26:18.605 INFO [main] [AbstractHandlerMethodMapping.java:547:register] : Mapped "{[/actuator/beans],methods=[GET],produces=[application/vnd.spring-boot.actuator.v2+json || application/json]}" onto public java.lang.Object org.springframework.boot.actuate.endpoint.web.servlet.AbstractWebMvcEndpointHandlerMapping$OperationHandler.handle(javax.servlet.http.HttpServletRequest,java.util.Map<java.lang.String, java.lang.String>)
2018-11-29 00:26:18.606 INFO [main] [AbstractHandlerMethodMapping.java:547:register] : Mapped "{[/actuator/health],methods=[GET],produces=[application/vnd.spring-boot.actuator.v2+json || application/json]}" onto public java.lang.Object org.springframework.boot.actuate.endpoint.web.servlet.AbstractWebMvcEndpointHandlerMapping$OperationHandler.handle(javax.servlet.http.HttpServletRequest,java.util.Map<java.lang.String, java.lang.String>)
2018-11-29 00:26:18.607 INFO [main] [AbstractHandlerMethodMapping.java:547:register] : Mapped "{[/actuator/conditions],methods=[GET],produces=[application/vnd.spring-boot.actuator.v2+json || application/json]}" onto public java.lang.Object org.springframework.boot.actuate.endpoint.web.servlet.AbstractWebMvcEndpointHandlerMapping$OperationHandler.handle(javax.servlet.http.HttpServletRequest,java.util.Map<java.lang.String, java.lang.String>)
2018-11-29 00:26:18.609 INFO [main] [AbstractHandlerMethodMapping.java:547:register] : Mapped "{[/actuator/configprops],methods=[GET],produces=[application/vnd.spring-boot.actuator.v2+json || application/json]}" onto public java.lang.Object org.springframework.boot.actuate.endpoint.web.servlet.AbstractWebMvcEndpointHandlerMapping$OperationHandler.handle(javax.servlet.http.HttpServletRequest,java.util.Map<java.lang.String, java.lang.String>)
2018-11-29 00:26:18.610 INFO [main] [AbstractHandlerMethodMapping.java:547:register] : Mapped "{[/actuator/env],methods=[GET],produces=[application/vnd.spring-boot.actuator.v2+json || application/json]}" onto public java.lang.Object org.springframework.boot.actuate.endpoint.web.servlet.AbstractWebMvcEndpointHandlerMapping$OperationHandler.handle(javax.servlet.http.HttpServletRequest,java.util.Map<java.lang.String, java.lang.String>)
2018-11-29 00:26:18.610 INFO [main] [AbstractHandlerMethodMapping.java:547:register] : Mapped "{[/actuator/env/{toMatch}],methods=[GET],produces=[application/vnd.spring-boot.actuator.v2+json || application/json]}" onto public java.lang.Object org.springframework.boot.actuate.endpoint.web.servlet.AbstractWebMvcEndpointHandlerMapping$OperationHandler.handle(javax.servlet.http.HttpServletRequest,java.util.Map<java.lang.String, java.lang.String>)
2018-11-29 00:26:18.611 INFO [main] [AbstractHandlerMethodMapping.java:547:register] : Mapped "{[/actuator/env],methods=[POST],consumes=[application/vnd.spring-boot.actuator.v2+json || application/json],produces=[application/vnd.spring-boot.actuator.v2+json || application/json]}" onto public java.lang.Object org.springframework.boot.actuate.endpoint.web.servlet.AbstractWebMvcEndpointHandlerMapping$OperationHandler.handle(javax.servlet.http.HttpServletRequest,java.util.Map<java.lang.String, java.lang.String>)
2018-11-29 00:26:18.612 INFO [main] [AbstractHandlerMethodMapping.java:547:register] : Mapped "{[/actuator/env],methods=[DELETE],produces=[application/vnd.spring-boot.actuator.v2+json || application/json]}" onto public java.lang.Object org.springframework.boot.actuate.endpoint.web.servlet.AbstractWebMvcEndpointHandlerMapping$OperationHandler.handle(javax.servlet.http.HttpServletRequest,java.util.Map<java.lang.String, java.lang.String>)
2018-11-29 00:26:18.613 INFO [main] [AbstractHandlerMethodMapping.java:547:register] : Mapped "{[/actuator/info],methods=[GET],produces=[application/vnd.spring-boot.actuator.v2+json || application/json]}" onto public java.lang.Object org.springframework.boot.actuate.endpoint.web.servlet.AbstractWebMvcEndpointHandlerMapping$OperationHandler.handle(javax.servlet.http.HttpServletRequest,java.util.Map<java.lang.String, java.lang.String>)
2018-11-29 00:26:18.614 INFO [main] [AbstractHandlerMethodMapping.java:547:register] : Mapped "{[/actuator/loggers],methods=[GET],produces=[application/vnd.spring-boot.actuator.v2+json || application/json]}" onto public java.lang.Object org.springframework.boot.actuate.endpoint.web.servlet.AbstractWebMvcEndpointHandlerMapping$OperationHandler.handle(javax.servlet.http.HttpServletRequest,java.util.Map<java.lang.String, java.lang.String>)
2018-11-29 00:26:18.616 INFO [main] [AbstractHandlerMethodMapping.java:547:register] : Mapped "{[/actuator/loggers/{name}],methods=[GET],produces=[application/vnd.spring-boot.actuator.v2+json || application/json]}" onto public java.lang.Object org.springframework.boot.actuate.endpoint.web.servlet.AbstractWebMvcEndpointHandlerMapping$OperationHandler.handle(javax.servlet.http.HttpServletRequest,java.util.Map<java.lang.String, java.lang.String>)
2018-11-29 00:26:18.617 INFO [main] [AbstractHandlerMethodMapping.java:547:register] : Mapped "{[/actuator/loggers/{name}],methods=[POST],consumes=[application/vnd.spring-boot.actuator.v2+json || application/json]}" onto public java.lang.Object org.springframework.boot.actuate.endpoint.web.servlet.AbstractWebMvcEndpointHandlerMapping$OperationHandler.handle(javax.servlet.http.HttpServletRequest,java.util.Map<java.lang.String, java.lang.String>)
2018-11-29 00:26:18.618 INFO [main] [AbstractHandlerMethodMapping.java:547:register] : Mapped "{[/actuator/heapdump],methods=[GET],produces=[application/octet-stream]}" onto public java.lang.Object org.springframework.boot.actuate.endpoint.web.servlet.AbstractWebMvcEndpointHandlerMapping$OperationHandler.handle(javax.servlet.http.HttpServletRequest,java.util.Map<java.lang.String, java.lang.String>)
2018-11-29 00:26:18.619 INFO [main] [AbstractHandlerMethodMapping.java:547:register] : Mapped "{[/actuator/threaddump],methods=[GET],produces=[application/vnd.spring-boot.actuator.v2+json || application/json]}" onto public java.lang.Object org.springframework.boot.actuate.endpoint.web.servlet.AbstractWebMvcEndpointHandlerMapping$OperationHandler.handle(javax.servlet.http.HttpServletRequest,java.util.Map<java.lang.String, java.lang.String>)
2018-11-29 00:26:18.620 INFO [main] [AbstractHandlerMethodMapping.java:547:register] : Mapped "{[/actuator/metrics/{requiredMetricName}],methods=[GET],produces=[application/vnd.spring-boot.actuator.v2+json || application/json]}" onto public java.lang.Object org.springframework.boot.actuate.endpoint.web.servlet.AbstractWebMvcEndpointHandlerMapping$OperationHandler.handle(javax.servlet.http.HttpServletRequest,java.util.Map<java.lang.String, java.lang.String>)
2018-11-29 00:26:18.621 INFO [main] [AbstractHandlerMethodMapping.java:547:register] : Mapped "{[/actuator/metrics],methods=[GET],produces=[application/vnd.spring-boot.actuator.v2+json || application/json]}" onto public java.lang.Object org.springframework.boot.actuate.endpoint.web.servlet.AbstractWebMvcEndpointHandlerMapping$OperationHandler.handle(javax.servlet.http.HttpServletRequest,java.util.Map<java.lang.String, java.lang.String>)
2018-11-29 00:26:18.622 INFO [main] [AbstractHandlerMethodMapping.java:547:register] : Mapped "{[/actuator/scheduledtasks],methods=[GET],produces=[application/vnd.spring-boot.actuator.v2+json || application/json]}" onto public java.lang.Object org.springframework.boot.actuate.endpoint.web.servlet.AbstractWebMvcEndpointHandlerMapping$OperationHandler.handle(javax.servlet.http.HttpServletRequest,java.util.Map<java.lang.String, java.lang.String>)
2018-11-29 00:26:18.623 INFO [main] [AbstractHandlerMethodMapping.java:547:register] : Mapped "{[/actuator/httptrace],methods=[GET],produces=[application/vnd.spring-boot.actuator.v2+json || application/json]}" onto public java.lang.Object org.springframework.boot.actuate.endpoint.web.servlet.AbstractWebMvcEndpointHandlerMapping$OperationHandler.handle(javax.servlet.http.HttpServletRequest,java.util.Map<java.lang.String, java.lang.String>)
2018-11-29 00:26:18.624 INFO [main] [AbstractHandlerMethodMapping.java:547:register] : Mapped "{[/actuator/mappings],methods=[GET],produces=[application/vnd.spring-boot.actuator.v2+json || application/json]}" onto public java.lang.Object org.springframework.boot.actuate.endpoint.web.servlet.AbstractWebMvcEndpointHandlerMapping$OperationHandler.handle(javax.servlet.http.HttpServletRequest,java.util.Map<java.lang.String, java.lang.String>)
2018-11-29 00:26:18.624 INFO [main] [AbstractHandlerMethodMapping.java:547:register] : Mapped "{[/actuator/refresh],methods=[POST],produces=[application/vnd.spring-boot.actuator.v2+json || application/json]}" onto public java.lang.Object org.springframework.boot.actuate.endpoint.web.servlet.AbstractWebMvcEndpointHandlerMapping$OperationHandler.handle(javax.servlet.http.HttpServletRequest,java.util.Map<java.lang.String, java.lang.String>)
2018-11-29 00:26:18.625 INFO [main] [AbstractHandlerMethodMapping.java:547:register] : Mapped "{[/actuator/features],methods=[GET],produces=[application/vnd.spring-boot.actuator.v2+json || application/json]}" onto public java.lang.Object org.springframework.boot.actuate.endpoint.web.servlet.AbstractWebMvcEndpointHandlerMapping$OperationHandler.handle(javax.servlet.http.HttpServletRequest,java.util.Map<java.lang.String, java.lang.String>)
2018-11-29 00:26:18.626 INFO [main] [AbstractHandlerMethodMapping.java:547:register] : Mapped "{[/actuator/service-registry],methods=[GET],produces=[application/vnd.spring-boot.actuator.v2+json || application/json]}" onto public java.lang.Object org.springframework.boot.actuate.endpoint.web.servlet.AbstractWebMvcEndpointHandlerMapping$OperationHandler.handle(javax.servlet.http.HttpServletRequest,java.util.Map<java.lang.String, java.lang.String>)
2018-11-29 00:26:18.627 INFO [main] [AbstractHandlerMethodMapping.java:547:register] : Mapped "{[/actuator/service-registry],methods=[POST],consumes=[application/vnd.spring-boot.actuator.v2+json || application/json],produces=[application/vnd.spring-boot.actuator.v2+json || application/json]}" onto public java.lang.Object org.springframework.boot.actuate.endpoint.web.servlet.AbstractWebMvcEndpointHandlerMapping$OperationHandler.handle(javax.servlet.http.HttpServletRequest,java.util.Map<java.lang.String, java.lang.String>)
2018-11-29 00:26:18.631 INFO [main] [AbstractHandlerMethodMapping.java:547:register] : Mapped "{[/actuator],methods=[GET],produces=[application/vnd.spring-boot.actuator.v2+json || application/json]}" onto protected java.util.Map<java.lang.String, java.util.Map<java.lang.String, org.springframework.boot.actuate.endpoint.web.Link>> org.springframework.boot.actuate.endpoint.web.servlet.WebMvcEndpointHandlerMapping.links(javax.servlet.http.HttpServletRequest,javax.servlet.http.HttpServletResponse)
2018-11-29 00:26:18.791 INFO [main] [MBeanExporter.java:433:afterSingletonsInstantiated] : Registering beans for JMX exposure on startup
2018-11-29 00:26:18.807 INFO [main] [MBeanExporter.java:895:autodetect] : Bean with name 'environmentManager' has been autodetected for JMX exposure
2018-11-29 00:26:18.809 INFO [main] [MBeanExporter.java:895:autodetect] : Bean with name 'configurationPropertiesRebinder' has been autodetected for JMX exposure
2018-11-29 00:26:18.810 INFO [main] [MBeanExporter.java:895:autodetect] : Bean with name 'refreshScope' has been autodetected for JMX exposure
2018-11-29 00:26:18.831 INFO [main] [MBeanExporter.java:675:registerBeanInstance] : Located managed bean 'environmentManager': registering with JMX server as MBean [org.springframework.cloud.context.environment:name=environmentManager,type=EnvironmentManager]
2018-11-29 00:26:18.844 INFO [main] [MBeanExporter.java:675:registerBeanInstance] : Located managed bean 'refreshScope': registering with JMX server as MBean [org.springframework.cloud.context.scope.refresh:name=refreshScope,type=RefreshScope]
2018-11-29 00:26:18.873 INFO [main] [MBeanExporter.java:675:registerBeanInstance] : Located managed bean 'configurationPropertiesRebinder': registering with JMX server as MBean [org.springframework.cloud.context.properties:name=configurationPropertiesRebinder,context=37efd131,type=ConfigurationPropertiesRebinder]
2018-11-29 00:26:18.904 INFO [main] [DefaultLifecycleProcessor.java:351:start] : Starting beans in phase 0
2018-11-29 00:26:18.917 INFO [main] [EurekaServiceRegistry.java:42:register] : Registering application eurka-server with eureka with status UP
2018-11-29 00:26:18.922 INFO [Thread-27] [EurekaServerBootstrap.java:109:initEurekaEnvironment] : Setting the eureka configuration..
2018-11-29 00:26:18.923 INFO [Thread-27] [EurekaServerBootstrap.java:114:initEurekaEnvironment] : Eureka data center value eureka.datacenter is not set, defaulting to default
2018-11-29 00:26:18.924 INFO [Thread-27] [EurekaServerBootstrap.java:128:initEurekaEnvironment] : Eureka environment value eureka.environment is not set, defaulting to test
2018-11-29 00:26:18.942 INFO [Thread-27] [EurekaServerBootstrap.java:184:isAws] : isAws returned false
2018-11-29 00:26:18.943 INFO [Thread-27] [EurekaServerBootstrap.java:152:initEurekaServerContext] : Initialized server context
2018-11-29 00:26:18.943 INFO [Thread-27] [PeerAwareInstanceRegistryImpl.java:242:openForTraffic] : Got 1 instances from neighboring DS node
2018-11-29 00:26:18.943 INFO [Thread-27] [PeerAwareInstanceRegistryImpl.java:243:openForTraffic] : Renew threshold is: 1
2018-11-29 00:26:18.944 INFO [Thread-27] [PeerAwareInstanceRegistryImpl.java:254:openForTraffic] : Changing status to UP
2018-11-29 00:26:18.949 INFO [main] [DirectJDKLog.java:180:log] : Starting ProtocolHandler ["http-nio-18080"]
2018-11-29 00:26:18.957 INFO [Thread-27] [EurekaServerInitializerConfiguration.java:72:run] : Started Eureka Server
2018-11-29 00:26:18.981 INFO [main] [DirectJDKLog.java:180:log] : Using a shared selector for servlet write/read
2018-11-29 00:26:18.997 INFO [main] [TomcatWebServer.java:206:start] : Tomcat started on port(s): 18080 (http) with context path ''
2018-11-29 00:26:18.998 INFO [main] [EurekaAutoServiceRegistration.java:124:onApplicationEvent] : Updating port to 18080
2018-11-29 00:26:19.002 INFO [main] [StartupInfoLogger.java:59:logStarted] : Started EurekaServerApplication in 6.976 seconds (JVM running for 7.932)
2018-11-29 00:26:19.428 INFO [RMI TCP Connection(10)-127.0.0.1] [DirectJDKLog.java:180:log] : Initializing Spring FrameworkServlet 'dispatcherServlet'
2018-11-29 00:26:19.428 INFO [RMI TCP Connection(10)-127.0.0.1] [FrameworkServlet.java:494:initServletBean] : FrameworkServlet 'dispatcherServlet': initialization started
2018-11-29 00:26:19.450 INFO [RMI TCP Connection(10)-127.0.0.1] [FrameworkServlet.java:509:initServletBean] : FrameworkServlet 'dispatcherServlet': initialization completed in 22 ms
2018-11-29 00:26:25.418 INFO [http-nio-18080-exec-2] [AbstractInstanceRegistry.java:269:register] : Registered instance USER-SERVICE/yanghaidembp.lan:user-service:18085 with status UP (replication=false)
2018-11-29 00:26:27.203 INFO [http-nio-18080-exec-4] [AbstractInstanceRegistry.java:269:register] : Registered instance USER-SERVICE/yanghaidembp.lan:user-service:18086 with status UP (replication=false)
2018-11-29 00:26:28.971 INFO [http-nio-18080-exec-6] [AbstractInstanceRegistry.java:269:register] : Registered instance SERVICE-ADMIN/yanghaidembp.lan:service-admin:50000 with status UP (replication=false)
2018-11-29 00:27:08.949 INFO [Eureka-EvictionTimer] [AbstractInstanceRegistry.java:1247:run] : Running the evict task with compensationTime 0ms
2018-11-29 00:27:58.952 INFO [Eureka-EvictionTimer] [AbstractInstanceRegistry.java:1247:run] : Running the evict task with compensationTime 2ms
2018-11-29 00:28:48.954 INFO [Eureka-EvictionTimer] [AbstractInstanceRegistry.java:1247:run] : Running the evict task with compensationTime 2ms
2018-11-29 00:29:38.956 INFO [Eureka-EvictionTimer] [AbstractInstanceRegistry.java:1247:run] : Running the evict task with compensationTime 1ms
2018-11-29 00:30:28.959 INFO [Eureka-EvictionTimer] [AbstractInstanceRegistry.java:1247:run] : Running the evict task with compensationTime 2ms
2018-11-29 00:31:18.962 INFO [Eureka-EvictionTimer] [AbstractInstanceRegistry.java:1247:run] : Running the evict task with compensationTime 3ms
2018-11-29 00:32:08.965 INFO [Eureka-EvictionTimer] [AbstractInstanceRegistry.java:1247:run] : Running the evict task with compensationTime 2ms
2018-11-29 00:32:58.968 INFO [Eureka-EvictionTimer] [AbstractInstanceRegistry.java:1247:run] : Running the evict task with compensationTime 2ms
2018-11-29 00:33:48.969 INFO [Eureka-EvictionTimer] [AbstractInstanceRegistry.java:1247:run] : Running the evict task with compensationTime 27ms
2018-11-29 00:34:38.971 INFO [Eureka-EvictionTimer] [AbstractInstanceRegistry.java:1247:run] : Running the evict task with compensationTime 16ms
2018-11-29 00:35:28.974 INFO [Eureka-EvictionTimer] [AbstractInstanceRegistry.java:1247:run] : Running the evict task with compensationTime 5ms
2018-11-29 00:36:18.483 WARN [Eureka-PeerNodesUpdater] [PeerEurekaNodes.java:156:updatePeerEurekaNodes] : The replica size seems to be empty. Check the route 53 DNS Registry
2018-11-29 00:36:18.976 INFO [Eureka-EvictionTimer] [AbstractInstanceRegistry.java:1247:run] : Running the evict task with compensationTime 2ms
2018-11-29 00:37:00.699 INFO [Thread-29] [AbstractApplicationContext.java:993:doClose] : Closing org.springframework.boot.web.servlet.context.AnnotationConfigServletWebServerApplicationContext@37efd131: startup date [Thu Nov 29 00:26:13 CST 2018]; parent: org.springframework.context.annotation.AnnotationConfigApplicationContext@1e04fa0a
2018-11-29 00:37:00.700 INFO [Thread-29] [EurekaServiceRegistry.java:65:deregister] : Unregistering application eurka-server with eureka with status DOWN
2018-11-29 00:37:00.701 INFO [Thread-29] [DefaultLifecycleProcessor.java:366:stop] : Stopping beans in phase 0
2018-11-29 00:37:00.702 INFO [Thread-29] [DefaultEurekaServerContext.java:76:shutdown] : Shutting down ...
2018-11-29 00:37:00.705 INFO [Thread-29] [DefaultEurekaServerContext.java:79:shutdown] : Shut down
2018-11-29 00:37:00.706 INFO [Thread-29] [MBeanExporter.java:451:destroy] : Unregistering JMX-exposed beans on shutdown
2018-11-29 00:37:00.707 INFO [Thread-29] [MBeanRegistrationSupport.java:183:unregisterBeans] : Unregistering JMX-exposed beans
2018-11-29 00:37:00.710 INFO [Thread-29] [DiscoveryClient.java:888:shutdown] : Shutting down DiscoveryClient ...
2018-11-29 00:37:00.711 INFO [Thread-29] [DiscoveryClient.java:911:shutdown] : Completed shut down of DiscoveryClient
2018-11-29 10:37:06.604 INFO [main] [AbstractApplicationContext.java:590:prepareRefresh] : Refreshing org.springframework.context.annotation.AnnotationConfigApplicationContext@31fa1761: startup date [Thu Nov 29 10:37:06 CST 2018]; root of context hierarchy
2018-11-29 10:37:06.800 INFO [main] [AutowiredAnnotationBeanPostProcessor.java:154:<init>] : JSR-330 'javax.inject.Inject' annotation found and supported for autowiring
2018-11-29 10:37:06.841 INFO [main] [PostProcessorRegistrationDelegate.java:328:postProcessAfterInitialization] : Bean 'configurationPropertiesRebinderAutoConfiguration' of type [org.springframework.cloud.autoconfigure.ConfigurationPropertiesRebinderAutoConfiguration$$EnhancerBySpringCGLIB$$c923b830] is not eligible for getting processed by all BeanPostProcessors (for example: not eligible for auto-proxying)
2018-11-29 10:37:07.096 INFO [main] [SpringApplication.java:663:logStartupProfileInfo] : The following profiles are active: dev
2018-11-29 10:37:07.109 INFO [main] [AbstractApplicationContext.java:590:prepareRefresh] : Refreshing org.springframework.boot.web.servlet.context.AnnotationConfigServletWebServerApplicationContext@710b18a6: startup date [Thu Nov 29 10:37:07 CST 2018]; parent: org.springframework.context.annotation.AnnotationConfigApplicationContext@31fa1761
2018-11-29 10:37:08.003 INFO [main] [GenericScope.java:294:setSerializationId] : BeanFactory id=da3651fd-af90-3114-b332-b4d0e80465fe
2018-11-29 10:37:08.033 INFO [main] [AutowiredAnnotationBeanPostProcessor.java:154:<init>] : JSR-330 'javax.inject.Inject' annotation found and supported for autowiring
2018-11-29 10:37:08.132 INFO [main] [PostProcessorRegistrationDelegate.java:328:postProcessAfterInitialization] : Bean 'org.springframework.cloud.autoconfigure.ConfigurationPropertiesRebinderAutoConfiguration' of type [org.springframework.cloud.autoconfigure.ConfigurationPropertiesRebinderAutoConfiguration$$EnhancerBySpringCGLIB$$c923b830] is not eligible for getting processed by all BeanPostProcessors (for example: not eligible for auto-proxying)
2018-11-29 10:37:08.379 INFO [main] [TomcatWebServer.java:91:initialize] : Tomcat initialized with port(s): 18080 (http)
2018-11-29 10:37:08.501 INFO [main] [DirectJDKLog.java:180:log] : Initializing ProtocolHandler ["http-nio-18080"]
2018-11-29 10:37:08.510 INFO [main] [DirectJDKLog.java:180:log] : Starting service [Tomcat]
2018-11-29 10:37:08.511 INFO [main] [DirectJDKLog.java:180:log] : Starting Servlet Engine: Apache Tomcat/8.5.31
2018-11-29 10:37:08.515 INFO [localhost-startStop-1] [DirectJDKLog.java:180:log] : The APR based Apache Tomcat Native library which allows optimal performance in production environments was not found on the java.library.path: [/Users/yanghai/Library/Java/Extensions:/Library/Java/Extensions:/Network/Library/Java/Extensions:/System/Library/Java/Extensions:/usr/lib/java:.]
2018-11-29 10:37:08.612 INFO [localhost-startStop-1] [DirectJDKLog.java:180:log] : Initializing Spring embedded WebApplicationContext
2018-11-29 10:37:08.612 INFO [localhost-startStop-1] [ServletWebServerApplicationContext.java:285:prepareWebApplicationContext] : Root WebApplicationContext: initialization completed in 1503 ms
2018-11-29 10:37:08.846 WARN [localhost-startStop-1] [URLConfigurationSource.java:121:<init>] : No URLs will be polled as dynamic configuration sources.
2018-11-29 10:37:08.848 INFO [localhost-startStop-1] [URLConfigurationSource.java:122:<init>] : To enable URLs as dynamic configuration sources, define System property archaius.configurationSource.additionalUrls or make config.properties available on classpath.
2018-11-29 10:37:08.867 INFO [localhost-startStop-1] [DynamicPropertyFactory.java:281:getInstance] : DynamicPropertyFactory is initialized with configuration sources: com.netflix.config.ConcurrentCompositeConfiguration@515a342e
2018-11-29 10:37:09.975 INFO [localhost-startStop-1] [AbstractFilterRegistrationBean.java:245:configure] : Mapping filter: 'characterEncodingFilter' to: [/*]
2018-11-29 10:37:09.976 INFO [localhost-startStop-1] [AbstractFilterRegistrationBean.java:245:configure] : Mapping filter: 'hiddenHttpMethodFilter' to: [/*]
2018-11-29 10:37:09.976 INFO [localhost-startStop-1] [AbstractFilterRegistrationBean.java:245:configure] : Mapping filter: 'httpPutFormContentFilter' to: [/*]
2018-11-29 10:37:09.977 INFO [localhost-startStop-1] [AbstractFilterRegistrationBean.java:245:configure] : Mapping filter: 'requestContextFilter' to: [/*]
2018-11-29 10:37:09.977 INFO [localhost-startStop-1] [AbstractFilterRegistrationBean.java:245:configure] : Mapping filter: 'httpTraceFilter' to: [/*]
2018-11-29 10:37:09.977 INFO [localhost-startStop-1] [AbstractFilterRegistrationBean.java:245:configure] : Mapping filter: 'webMvcMetricsFilter' to: [/*]
2018-11-29 10:37:09.978 INFO [localhost-startStop-1] [AbstractFilterRegistrationBean.java:258:configure] : Mapping filter: 'servletContainer' to urls: [/eureka/*]
2018-11-29 10:37:09.981 INFO [localhost-startStop-1] [ServletRegistrationBean.java:186:addRegistration] : Servlet dispatcherServlet mapped to [/]
2018-11-29 10:37:09.986 INFO [localhost-startStop-1] [ServletEndpointRegistrar.java:69:register] : Registered '/actuator/jolokia' to jolokia-actuator-endpoint
2018-11-29 10:37:10.064 INFO [localhost-startStop-1] [WebApplicationImpl.java:815:_initiate] : Initiating Jersey application, version 'Jersey: 1.19.1 03/11/2016 02:08 PM'
2018-11-29 10:37:10.132 INFO [localhost-startStop-1] [DiscoveryJerseyProvider.java:70:<init>] : Using JSON encoding codec LegacyJacksonJson
2018-11-29 10:37:10.133 INFO [localhost-startStop-1] [DiscoveryJerseyProvider.java:71:<init>] : Using JSON decoding codec LegacyJacksonJson
2018-11-29 10:37:10.225 INFO [localhost-startStop-1] [DiscoveryJerseyProvider.java:80:<init>] : Using XML encoding codec XStreamXml
2018-11-29 10:37:10.226 INFO [localhost-startStop-1] [DiscoveryJerseyProvider.java:81:<init>] : Using XML decoding codec XStreamXml
2018-11-29 10:37:10.514 WARN [main] [URLConfigurationSource.java:121:<init>] : No URLs will be polled as dynamic configuration sources.
2018-11-29 10:37:10.515 INFO [main] [URLConfigurationSource.java:122:<init>] : To enable URLs as dynamic configuration sources, define System property archaius.configurationSource.additionalUrls or make config.properties available on classpath.
2018-11-29 10:37:10.606 INFO [main] [AbstractUrlHandlerMapping.java:373:registerHandler] : Mapped URL path [/**/favicon.ico] onto handler of type [class org.springframework.web.servlet.resource.ResourceHttpRequestHandler]
2018-11-29 10:37:10.834 INFO [main] [RequestMappingHandlerAdapter.java:574:initControllerAdviceCache] : Looking for @ControllerAdvice: org.springframework.boot.web.servlet.context.AnnotationConfigServletWebServerApplicationContext@710b18a6: startup date [Thu Nov 29 10:37:07 CST 2018]; parent: org.springframework.context.annotation.AnnotationConfigApplicationContext@31fa1761
2018-11-29 10:37:10.891 INFO [main] [AbstractHandlerMethodMapping.java:547:register] : Mapped "{[/error]}" onto public org.springframework.http.ResponseEntity<java.util.Map<java.lang.String, java.lang.Object>> org.springframework.boot.autoconfigure.web.servlet.error.BasicErrorController.error(javax.servlet.http.HttpServletRequest)
2018-11-29 10:37:10.892 INFO [main] [AbstractHandlerMethodMapping.java:547:register] : Mapped "{[/error],produces=[text/html]}" onto public org.springframework.web.servlet.ModelAndView org.springframework.boot.autoconfigure.web.servlet.error.BasicErrorController.errorHtml(javax.servlet.http.HttpServletRequest,javax.servlet.http.HttpServletResponse)
2018-11-29 10:37:10.900 INFO [main] [AbstractHandlerMethodMapping.java:547:register] : Mapped "{[/],methods=[GET]}" onto public java.lang.String org.springframework.cloud.netflix.eureka.server.EurekaController.status(javax.servlet.http.HttpServletRequest,java.util.Map<java.lang.String, java.lang.Object>)
2018-11-29 10:37:10.900 INFO [main] [AbstractHandlerMethodMapping.java:547:register] : Mapped "{[/lastn],methods=[GET]}" onto public java.lang.String org.springframework.cloud.netflix.eureka.server.EurekaController.lastn(javax.servlet.http.HttpServletRequest,java.util.Map<java.lang.String, java.lang.Object>)
2018-11-29 10:37:10.926 INFO [main] [AbstractUrlHandlerMapping.java:373:registerHandler] : Mapped URL path [/webjars/**] onto handler of type [class org.springframework.web.servlet.resource.ResourceHttpRequestHandler]
2018-11-29 10:37:10.926 INFO [main] [AbstractUrlHandlerMapping.java:373:registerHandler] : Mapped URL path [/**] onto handler of type [class org.springframework.web.servlet.resource.ResourceHttpRequestHandler]
2018-11-29 10:37:11.344 INFO [main] [SpringTemplateLoader.java:62:<init>] : SpringTemplateLoader for FreeMarker: using resource loader [org.springframework.boot.web.servlet.context.AnnotationConfigServletWebServerApplicationContext@710b18a6: startup date [Thu Nov 29 10:37:07 CST 2018]; parent: org.springframework.context.annotation.AnnotationConfigApplicationContext@31fa1761] and template loader path [classpath:/templates/]
2018-11-29 10:37:11.345 INFO [main] [FreeMarkerConfigurer.java:131:postProcessTemplateLoaders] : ClassTemplateLoader for Spring macros added to FreeMarker configuration
2018-11-29 10:37:11.578 INFO [main] [InstanceInfoFactory.java:71:create] : Setting initial instance status as: STARTING
2018-11-29 10:37:11.619 INFO [main] [DiscoveryClient.java:349:<init>] : Initializing Eureka in region us-east-1
2018-11-29 10:37:11.619 INFO [main] [DiscoveryClient.java:352:<init>] : Client configured to neither register nor query for data.
2018-11-29 10:37:11.626 INFO [main] [DiscoveryClient.java:365:<init>] : Discovery Client initialized at timestamp 1543459031625 with initial instances count: 0
2018-11-29 10:37:11.705 INFO [main] [DefaultEurekaServerContext.java:63:initialize] : Initializing ...
2018-11-29 10:37:11.710 WARN [main] [PeerEurekaNodes.java:156:updatePeerEurekaNodes] : The replica size seems to be empty. Check the route 53 DNS Registry
2018-11-29 10:37:11.733 INFO [main] [AbstractInstanceRegistry.java:151:initRemoteRegionRegistry] : Finished initializing remote region registries. All known remote regions: []
2018-11-29 10:37:11.735 INFO [main] [DefaultEurekaServerContext.java:70:initialize] : Initialized
2018-11-29 10:37:11.761 INFO [main] [EndpointLinksResolver.java:59:<init>] : Exposing 19 endpoint(s) beneath base path '/actuator'
2018-11-29 10:37:11.784 INFO [main] [AbstractHandlerMethodMapping.java:547:register] : Mapped "{[/actuator/archaius],methods=[GET],produces=[application/vnd.spring-boot.actuator.v2+json || application/json]}" onto public java.lang.Object org.springframework.boot.actuate.endpoint.web.servlet.AbstractWebMvcEndpointHandlerMapping$OperationHandler.handle(javax.servlet.http.HttpServletRequest,java.util.Map<java.lang.String, java.lang.String>)
2018-11-29 10:37:11.786 INFO [main] [AbstractHandlerMethodMapping.java:547:register] : Mapped "{[/actuator/auditevents],methods=[GET],produces=[application/vnd.spring-boot.actuator.v2+json || application/json]}" onto public java.lang.Object org.springframework.boot.actuate.endpoint.web.servlet.AbstractWebMvcEndpointHandlerMapping$OperationHandler.handle(javax.servlet.http.HttpServletRequest,java.util.Map<java.lang.String, java.lang.String>)
2018-11-29 10:37:11.787 INFO [main] [AbstractHandlerMethodMapping.java:547:register] : Mapped "{[/actuator/beans],methods=[GET],produces=[application/vnd.spring-boot.actuator.v2+json || application/json]}" onto public java.lang.Object org.springframework.boot.actuate.endpoint.web.servlet.AbstractWebMvcEndpointHandlerMapping$OperationHandler.handle(javax.servlet.http.HttpServletRequest,java.util.Map<java.lang.String, java.lang.String>)
2018-11-29 10:37:11.788 INFO [main] [AbstractHandlerMethodMapping.java:547:register] : Mapped "{[/actuator/health],methods=[GET],produces=[application/vnd.spring-boot.actuator.v2+json || application/json]}" onto public java.lang.Object org.springframework.boot.actuate.endpoint.web.servlet.AbstractWebMvcEndpointHandlerMapping$OperationHandler.handle(javax.servlet.http.HttpServletRequest,java.util.Map<java.lang.String, java.lang.String>)
2018-11-29 10:37:11.788 INFO [main] [AbstractHandlerMethodMapping.java:547:register] : Mapped "{[/actuator/conditions],methods=[GET],produces=[application/vnd.spring-boot.actuator.v2+json || application/json]}" onto public java.lang.Object org.springframework.boot.actuate.endpoint.web.servlet.AbstractWebMvcEndpointHandlerMapping$OperationHandler.handle(javax.servlet.http.HttpServletRequest,java.util.Map<java.lang.String, java.lang.String>)
2018-11-29 10:37:11.789 INFO [main] [AbstractHandlerMethodMapping.java:547:register] : Mapped "{[/actuator/configprops],methods=[GET],produces=[application/vnd.spring-boot.actuator.v2+json || application/json]}" onto public java.lang.Object org.springframework.boot.actuate.endpoint.web.servlet.AbstractWebMvcEndpointHandlerMapping$OperationHandler.handle(javax.servlet.http.HttpServletRequest,java.util.Map<java.lang.String, java.lang.String>)
2018-11-29 10:37:11.790 INFO [main] [AbstractHandlerMethodMapping.java:547:register] : Mapped "{[/actuator/env],methods=[GET],produces=[application/vnd.spring-boot.actuator.v2+json || application/json]}" onto public java.lang.Object org.springframework.boot.actuate.endpoint.web.servlet.AbstractWebMvcEndpointHandlerMapping$OperationHandler.handle(javax.servlet.http.HttpServletRequest,java.util.Map<java.lang.String, java.lang.String>)
2018-11-29 10:37:11.790 INFO [main] [AbstractHandlerMethodMapping.java:547:register] : Mapped "{[/actuator/env/{toMatch}],methods=[GET],produces=[application/vnd.spring-boot.actuator.v2+json || application/json]}" onto public java.lang.Object org.springframework.boot.actuate.endpoint.web.servlet.AbstractWebMvcEndpointHandlerMapping$OperationHandler.handle(javax.servlet.http.HttpServletRequest,java.util.Map<java.lang.String, java.lang.String>)
2018-11-29 10:37:11.793 INFO [main] [AbstractHandlerMethodMapping.java:547:register] : Mapped "{[/actuator/env],methods=[POST],consumes=[application/vnd.spring-boot.actuator.v2+json || application/json],produces=[application/vnd.spring-boot.actuator.v2+json || application/json]}" onto public java.lang.Object org.springframework.boot.actuate.endpoint.web.servlet.AbstractWebMvcEndpointHandlerMapping$OperationHandler.handle(javax.servlet.http.HttpServletRequest,java.util.Map<java.lang.String, java.lang.String>)
2018-11-29 10:37:11.794 INFO [main] [AbstractHandlerMethodMapping.java:547:register] : Mapped "{[/actuator/env],methods=[DELETE],produces=[application/vnd.spring-boot.actuator.v2+json || application/json]}" onto public java.lang.Object org.springframework.boot.actuate.endpoint.web.servlet.AbstractWebMvcEndpointHandlerMapping$OperationHandler.handle(javax.servlet.http.HttpServletRequest,java.util.Map<java.lang.String, java.lang.String>)
2018-11-29 10:37:11.795 INFO [main] [AbstractHandlerMethodMapping.java:547:register] : Mapped "{[/actuator/info],methods=[GET],produces=[application/vnd.spring-boot.actuator.v2+json || application/json]}" onto public java.lang.Object org.springframework.boot.actuate.endpoint.web.servlet.AbstractWebMvcEndpointHandlerMapping$OperationHandler.handle(javax.servlet.http.HttpServletRequest,java.util.Map<java.lang.String, java.lang.String>)
2018-11-29 10:37:11.795 INFO [main] [AbstractHandlerMethodMapping.java:547:register] : Mapped "{[/actuator/loggers/{name}],methods=[GET],produces=[application/vnd.spring-boot.actuator.v2+json || application/json]}" onto public java.lang.Object org.springframework.boot.actuate.endpoint.web.servlet.AbstractWebMvcEndpointHandlerMapping$OperationHandler.handle(javax.servlet.http.HttpServletRequest,java.util.Map<java.lang.String, java.lang.String>)
2018-11-29 10:37:11.796 INFO [main] [AbstractHandlerMethodMapping.java:547:register] : Mapped "{[/actuator/loggers/{name}],methods=[POST],consumes=[application/vnd.spring-boot.actuator.v2+json || application/json]}" onto public java.lang.Object org.springframework.boot.actuate.endpoint.web.servlet.AbstractWebMvcEndpointHandlerMapping$OperationHandler.handle(javax.servlet.http.HttpServletRequest,java.util.Map<java.lang.String, java.lang.String>)
2018-11-29 10:37:11.797 INFO [main] [AbstractHandlerMethodMapping.java:547:register] : Mapped "{[/actuator/loggers],methods=[GET],produces=[application/vnd.spring-boot.actuator.v2+json || application/json]}" onto public java.lang.Object org.springframework.boot.actuate.endpoint.web.servlet.AbstractWebMvcEndpointHandlerMapping$OperationHandler.handle(javax.servlet.http.HttpServletRequest,java.util.Map<java.lang.String, java.lang.String>)
2018-11-29 10:37:11.797 INFO [main] [AbstractHandlerMethodMapping.java:547:register] : Mapped "{[/actuator/heapdump],methods=[GET],produces=[application/octet-stream]}" onto public java.lang.Object org.springframework.boot.actuate.endpoint.web.servlet.AbstractWebMvcEndpointHandlerMapping$OperationHandler.handle(javax.servlet.http.HttpServletRequest,java.util.Map<java.lang.String, java.lang.String>)
2018-11-29 10:37:11.798 INFO [main] [AbstractHandlerMethodMapping.java:547:register] : Mapped "{[/actuator/threaddump],methods=[GET],produces=[application/vnd.spring-boot.actuator.v2+json || application/json]}" onto public java.lang.Object org.springframework.boot.actuate.endpoint.web.servlet.AbstractWebMvcEndpointHandlerMapping$OperationHandler.handle(javax.servlet.http.HttpServletRequest,java.util.Map<java.lang.String, java.lang.String>)
2018-11-29 10:37:11.798 INFO [main] [AbstractHandlerMethodMapping.java:547:register] : Mapped "{[/actuator/metrics/{requiredMetricName}],methods=[GET],produces=[application/vnd.spring-boot.actuator.v2+json || application/json]}" onto public java.lang.Object org.springframework.boot.actuate.endpoint.web.servlet.AbstractWebMvcEndpointHandlerMapping$OperationHandler.handle(javax.servlet.http.HttpServletRequest,java.util.Map<java.lang.String, java.lang.String>)
2018-11-29 10:37:11.799 INFO [main] [AbstractHandlerMethodMapping.java:547:register] : Mapped "{[/actuator/metrics],methods=[GET],produces=[application/vnd.spring-boot.actuator.v2+json || application/json]}" onto public java.lang.Object org.springframework.boot.actuate.endpoint.web.servlet.AbstractWebMvcEndpointHandlerMapping$OperationHandler.handle(javax.servlet.http.HttpServletRequest,java.util.Map<java.lang.String, java.lang.String>)
2018-11-29 10:37:11.799 INFO [main] [AbstractHandlerMethodMapping.java:547:register] : Mapped "{[/actuator/scheduledtasks],methods=[GET],produces=[application/vnd.spring-boot.actuator.v2+json || application/json]}" onto public java.lang.Object org.springframework.boot.actuate.endpoint.web.servlet.AbstractWebMvcEndpointHandlerMapping$OperationHandler.handle(javax.servlet.http.HttpServletRequest,java.util.Map<java.lang.String, java.lang.String>)
2018-11-29 10:37:11.800 INFO [main] [AbstractHandlerMethodMapping.java:547:register] : Mapped "{[/actuator/httptrace],methods=[GET],produces=[application/vnd.spring-boot.actuator.v2+json || application/json]}" onto public java.lang.Object org.springframework.boot.actuate.endpoint.web.servlet.AbstractWebMvcEndpointHandlerMapping$OperationHandler.handle(javax.servlet.http.HttpServletRequest,java.util.Map<java.lang.String, java.lang.String>)
2018-11-29 10:37:11.800 INFO [main] [AbstractHandlerMethodMapping.java:547:register] : Mapped "{[/actuator/mappings],methods=[GET],produces=[application/vnd.spring-boot.actuator.v2+json || application/json]}" onto public java.lang.Object org.springframework.boot.actuate.endpoint.web.servlet.AbstractWebMvcEndpointHandlerMapping$OperationHandler.handle(javax.servlet.http.HttpServletRequest,java.util.Map<java.lang.String, java.lang.String>)
2018-11-29 10:37:11.801 INFO [main] [AbstractHandlerMethodMapping.java:547:register] : Mapped "{[/actuator/refresh],methods=[POST],produces=[application/vnd.spring-boot.actuator.v2+json || application/json]}" onto public java.lang.Object org.springframework.boot.actuate.endpoint.web.servlet.AbstractWebMvcEndpointHandlerMapping$OperationHandler.handle(javax.servlet.http.HttpServletRequest,java.util.Map<java.lang.String, java.lang.String>)
2018-11-29 10:37:11.801 INFO [main] [AbstractHandlerMethodMapping.java:547:register] : Mapped "{[/actuator/features],methods=[GET],produces=[application/vnd.spring-boot.actuator.v2+json || application/json]}" onto public java.lang.Object org.springframework.boot.actuate.endpoint.web.servlet.AbstractWebMvcEndpointHandlerMapping$OperationHandler.handle(javax.servlet.http.HttpServletRequest,java.util.Map<java.lang.String, java.lang.String>)
2018-11-29 10:37:11.801 INFO [main] [AbstractHandlerMethodMapping.java:547:register] : Mapped "{[/actuator/service-registry],methods=[GET],produces=[application/vnd.spring-boot.actuator.v2+json || application/json]}" onto public java.lang.Object org.springframework.boot.actuate.endpoint.web.servlet.AbstractWebMvcEndpointHandlerMapping$OperationHandler.handle(javax.servlet.http.HttpServletRequest,java.util.Map<java.lang.String, java.lang.String>)
2018-11-29 10:37:11.802 INFO [main] [AbstractHandlerMethodMapping.java:547:register] : Mapped "{[/actuator/service-registry],methods=[POST],consumes=[application/vnd.spring-boot.actuator.v2+json || application/json],produces=[application/vnd.spring-boot.actuator.v2+json || application/json]}" onto public java.lang.Object org.springframework.boot.actuate.endpoint.web.servlet.AbstractWebMvcEndpointHandlerMapping$OperationHandler.handle(javax.servlet.http.HttpServletRequest,java.util.Map<java.lang.String, java.lang.String>)
2018-11-29 10:37:11.803 INFO [main] [AbstractHandlerMethodMapping.java:547:register] : Mapped "{[/actuator],methods=[GET],produces=[application/vnd.spring-boot.actuator.v2+json || application/json]}" onto protected java.util.Map<java.lang.String, java.util.Map<java.lang.String, org.springframework.boot.actuate.endpoint.web.Link>> org.springframework.boot.actuate.endpoint.web.servlet.WebMvcEndpointHandlerMapping.links(javax.servlet.http.HttpServletRequest,javax.servlet.http.HttpServletResponse)
2018-11-29 10:37:11.891 INFO [main] [MBeanExporter.java:433:afterSingletonsInstantiated] : Registering beans for JMX exposure on startup
2018-11-29 10:37:11.904 INFO [main] [MBeanExporter.java:895:autodetect] : Bean with name 'environmentManager' has been autodetected for JMX exposure
2018-11-29 10:37:11.907 INFO [main] [MBeanExporter.java:895:autodetect] : Bean with name 'configurationPropertiesRebinder' has been autodetected for JMX exposure
2018-11-29 10:37:11.908 INFO [main] [MBeanExporter.java:895:autodetect] : Bean with name 'refreshScope' has been autodetected for JMX exposure
2018-11-29 10:37:11.913 INFO [main] [MBeanExporter.java:675:registerBeanInstance] : Located managed bean 'environmentManager': registering with JMX server as MBean [org.springframework.cloud.context.environment:name=environmentManager,type=EnvironmentManager]
2018-11-29 10:37:11.925 INFO [main] [MBeanExporter.java:675:registerBeanInstance] : Located managed bean 'refreshScope': registering with JMX server as MBean [org.springframework.cloud.context.scope.refresh:name=refreshScope,type=RefreshScope]
2018-11-29 10:37:11.938 INFO [main] [MBeanExporter.java:675:registerBeanInstance] : Located managed bean 'configurationPropertiesRebinder': registering with JMX server as MBean [org.springframework.cloud.context.properties:name=configurationPropertiesRebinder,context=710b18a6,type=ConfigurationPropertiesRebinder]
2018-11-29 10:37:11.950 INFO [main] [DefaultLifecycleProcessor.java:351:start] : Starting beans in phase 0
2018-11-29 10:37:11.958 INFO [main] [EurekaServiceRegistry.java:42:register] : Registering application eurka-server with eureka with status UP
2018-11-29 10:37:11.963 INFO [Thread-25] [EurekaServerBootstrap.java:109:initEurekaEnvironment] : Setting the eureka configuration..
2018-11-29 10:37:11.963 INFO [Thread-25] [EurekaServerBootstrap.java:114:initEurekaEnvironment] : Eureka data center value eureka.datacenter is not set, defaulting to default
2018-11-29 10:37:11.964 INFO [Thread-25] [EurekaServerBootstrap.java:128:initEurekaEnvironment] : Eureka environment value eureka.environment is not set, defaulting to test
2018-11-29 10:37:11.981 INFO [Thread-25] [EurekaServerBootstrap.java:184:isAws] : isAws returned false
2018-11-29 10:37:11.982 INFO [Thread-25] [EurekaServerBootstrap.java:152:initEurekaServerContext] : Initialized server context
2018-11-29 10:37:11.982 INFO [Thread-25] [PeerAwareInstanceRegistryImpl.java:242:openForTraffic] : Got 1 instances from neighboring DS node
2018-11-29 10:37:11.982 INFO [Thread-25] [PeerAwareInstanceRegistryImpl.java:243:openForTraffic] : Renew threshold is: 1
2018-11-29 10:37:11.982 INFO [Thread-25] [PeerAwareInstanceRegistryImpl.java:254:openForTraffic] : Changing status to UP
2018-11-29 10:37:11.987 INFO [main] [DirectJDKLog.java:180:log] : Starting ProtocolHandler ["http-nio-18080"]
2018-11-29 10:37:11.995 INFO [Thread-25] [EurekaServerInitializerConfiguration.java:72:run] : Started Eureka Server
2018-11-29 10:37:12.018 INFO [main] [DirectJDKLog.java:180:log] : Using a shared selector for servlet write/read
2018-11-29 10:37:12.038 INFO [main] [TomcatWebServer.java:206:start] : Tomcat started on port(s): 18080 (http) with context path ''
2018-11-29 10:37:12.039 INFO [main] [EurekaAutoServiceRegistration.java:124:onApplicationEvent] : Updating port to 18080
2018-11-29 10:37:12.049 INFO [main] [StartupInfoLogger.java:59:logStarted] : Started EurekaServerApplication in 6.037 seconds (JVM running for 6.718)
2018-11-29 10:37:12.606 INFO [RMI TCP Connection(9)-127.0.0.1] [DirectJDKLog.java:180:log] : Initializing Spring FrameworkServlet 'dispatcherServlet'
2018-11-29 10:37:12.607 INFO [RMI TCP Connection(9)-127.0.0.1] [FrameworkServlet.java:494:initServletBean] : FrameworkServlet 'dispatcherServlet': initialization started
2018-11-29 10:37:12.624 INFO [RMI TCP Connection(9)-127.0.0.1] [FrameworkServlet.java:509:initServletBean] : FrameworkServlet 'dispatcherServlet': initialization completed in 17 ms
2018-11-29 10:37:16.342 INFO [http-nio-18080-exec-2] [AbstractInstanceRegistry.java:269:register] : Registered instance SERVICE-ADMIN/172.19.128.75:service-admin:50000 with status UP (replication=false)
2018-11-29 10:37:20.401 INFO [http-nio-18080-exec-4] [AbstractInstanceRegistry.java:269:register] : Registered instance USER-SERVICE/172.19.128.75:user-service:18085 with status UP (replication=false)
2018-11-29 10:37:22.385 INFO [http-nio-18080-exec-6] [AbstractInstanceRegistry.java:269:register] : Registered instance USER-SERVICE/172.19.128.75:user-service:18086 with status UP (replication=false)
2018-11-29 10:38:01.987 INFO [Eureka-EvictionTimer] [AbstractInstanceRegistry.java:1247:run] : Running the evict task with compensationTime 0ms
2018-11-29 10:38:41.370 INFO [http-nio-18080-exec-7] [AbstractInstanceRegistry.java:269:register] : Registered instance NEW-SERVICE/172.19.128.75:new-service:18083 with status UP (replication=false)
2018-11-29 10:38:51.989 INFO [Eureka-EvictionTimer] [AbstractInstanceRegistry.java:1247:run] : Running the evict task with compensationTime 3ms
2018-11-29 10:39:41.990 INFO [Eureka-EvictionTimer] [AbstractInstanceRegistry.java:1247:run] : Running the evict task with compensationTime 2ms
2018-11-29 10:39:48.374 INFO [http-nio-18080-exec-7] [AbstractInstanceRegistry.java:269:register] : Registered instance SERVICE-ZUUL/172.19.128.75:service-zuul:18081 with status UP (replication=false)
2018-11-29 10:40:31.993 INFO [Eureka-EvictionTimer] [AbstractInstanceRegistry.java:1247:run] : Running the evict task with compensationTime 3ms
2018-11-29 10:41:21.997 INFO [Eureka-EvictionTimer] [AbstractInstanceRegistry.java:1247:run] : Running the evict task with compensationTime 5ms
2018-11-29 10:42:11.997 INFO [Eureka-EvictionTimer] [AbstractInstanceRegistry.java:1247:run] : Running the evict task with compensationTime 1ms
2018-11-29 10:43:01.997 INFO [Eureka-EvictionTimer] [AbstractInstanceRegistry.java:1247:run] : Running the evict task with compensationTime 1ms
2018-11-29 10:43:51.999 INFO [Eureka-EvictionTimer] [AbstractInstanceRegistry.java:1247:run] : Running the evict task with compensationTime 3ms
2018-11-29 10:44:42.001 INFO [Eureka-EvictionTimer] [AbstractInstanceRegistry.java:1247:run] : Running the evict task with compensationTime 3ms
2018-11-29 10:45:32.001 INFO [Eureka-EvictionTimer] [AbstractInstanceRegistry.java:1247:run] : Running the evict task with compensationTime 1ms
2018-11-29 10:46:02.399 INFO [http-nio-18080-exec-8] [AbstractInstanceRegistry.java:269:register] : Registered instance NEW-SERVICE/172.19.128.75:new-service:18083 with status DOWN (replication=false)
2018-11-29 10:46:02.449 INFO [http-nio-18080-exec-9] [AbstractInstanceRegistry.java:269:register] : Registered instance USER-SERVICE/172.19.128.75:user-service:18086 with status DOWN (replication=false)
2018-11-29 10:46:02.507 INFO [http-nio-18080-exec-10] [AbstractInstanceRegistry.java:269:register] : Registered instance USER-SERVICE/172.19.128.75:user-service:18085 with status DOWN (replication=false)
2018-11-29 10:46:02.557 INFO [Thread-27] [AbstractApplicationContext.java:993:doClose] : Closing org.springframework.boot.web.servlet.context.AnnotationConfigServletWebServerApplicationContext@710b18a6: startup date [Thu Nov 29 10:37:07 CST 2018]; parent: org.springframework.context.annotation.AnnotationConfigApplicationContext@31fa1761
2018-11-29 10:46:02.559 INFO [Thread-27] [EurekaServiceRegistry.java:65:deregister] : Unregistering application eurka-server with eureka with status DOWN
2018-11-29 10:46:02.564 INFO [Thread-27] [DefaultLifecycleProcessor.java:366:stop] : Stopping beans in phase 0
2018-11-29 10:46:02.566 INFO [Thread-27] [DefaultEurekaServerContext.java:76:shutdown] : Shutting down ...
2018-11-29 10:46:02.570 INFO [Thread-27] [DefaultEurekaServerContext.java:79:shutdown] : Shut down
2018-11-29 10:46:02.573 INFO [Thread-27] [MBeanExporter.java:451:destroy] : Unregistering JMX-exposed beans on shutdown
2018-11-29 10:46:02.574 INFO [Thread-27] [MBeanRegistrationSupport.java:183:unregisterBeans] : Unregistering JMX-exposed beans
2018-11-29 10:46:02.579 INFO [Thread-27] [DiscoveryClient.java:888:shutdown] : Shutting down DiscoveryClient ...
2018-11-29 10:46:02.579 INFO [Thread-27] [DiscoveryClient.java:911:shutdown] : Completed shut down of DiscoveryClient
