2018-10-30 01:07:21.562 ERROR [DiscoveryClient-InstanceInfoReplicator-0] [RedirectingEurekaHttpClient.java:91:execute] : Request execution error
com.sun.jersey.api.client.ClientHandlerException: org.apache.http.client.ClientProtocolException
	at com.sun.jersey.client.apache4.ApacheHttpClient4Handler.handle(ApacheHttpClient4Handler.java:187) ~[jersey-apache-client4-1.19.1.jar:1.19.1]
	at com.sun.jersey.api.client.filter.GZIPContentEncodingFilter.handle(GZIPContentEncodingFilter.java:123) ~[jersey-client-1.19.1.jar:1.19.1]
	at com.netflix.discovery.EurekaIdentityHeaderFilter.handle(EurekaIdentityHeaderFilter.java:27) ~[eureka-client-1.9.3.jar:1.9.3]
	at com.sun.jersey.api.client.Client.handle(Client.java:652) ~[jersey-client-1.19.1.jar:1.19.1]
	at com.sun.jersey.api.client.WebResource.handle(WebResource.java:682) ~[jersey-client-1.19.1.jar:1.19.1]
	at com.sun.jersey.api.client.WebResource.access$200(WebResource.java:74) ~[jersey-client-1.19.1.jar:1.19.1]
	at com.sun.jersey.api.client.WebResource$Builder.post(WebResource.java:570) ~[jersey-client-1.19.1.jar:1.19.1]
	at com.netflix.discovery.shared.transport.jersey.AbstractJerseyEurekaHttpClient.register(AbstractJerseyEurekaHttpClient.java:56) ~[eureka-client-1.9.3.jar:1.9.3]
	at com.netflix.discovery.shared.transport.decorator.EurekaHttpClientDecorator$1.execute(EurekaHttpClientDecorator.java:59) ~[eureka-client-1.9.3.jar:1.9.3]
	at com.netflix.discovery.shared.transport.decorator.MetricsCollectingEurekaHttpClient.execute(MetricsCollectingEurekaHttpClient.java:73) ~[eureka-client-1.9.3.jar:1.9.3]
	at com.netflix.discovery.shared.transport.decorator.EurekaHttpClientDecorator.register(EurekaHttpClientDecorator.java:56) ~[eureka-client-1.9.3.jar:1.9.3]
	at com.netflix.discovery.shared.transport.decorator.EurekaHttpClientDecorator$1.execute(EurekaHttpClientDecorator.java:59) ~[eureka-client-1.9.3.jar:1.9.3]
	at com.netflix.discovery.shared.transport.decorator.RedirectingEurekaHttpClient.execute(RedirectingEurekaHttpClient.java:89) [eureka-client-1.9.3.jar:1.9.3]
	at com.netflix.discovery.shared.transport.decorator.EurekaHttpClientDecorator.register(EurekaHttpClientDecorator.java:56) [eureka-client-1.9.3.jar:1.9.3]
	at com.netflix.discovery.shared.transport.decorator.EurekaHttpClientDecorator$1.execute(EurekaHttpClientDecorator.java:59) [eureka-client-1.9.3.jar:1.9.3]
	at com.netflix.discovery.shared.transport.decorator.RetryableEurekaHttpClient.execute(RetryableEurekaHttpClient.java:120) [eureka-client-1.9.3.jar:1.9.3]
	at com.netflix.discovery.shared.transport.decorator.EurekaHttpClientDecorator.register(EurekaHttpClientDecorator.java:56) [eureka-client-1.9.3.jar:1.9.3]
	at com.netflix.discovery.shared.transport.decorator.EurekaHttpClientDecorator$1.execute(EurekaHttpClientDecorator.java:59) [eureka-client-1.9.3.jar:1.9.3]
	at com.netflix.discovery.shared.transport.decorator.SessionedEurekaHttpClient.execute(SessionedEurekaHttpClient.java:77) [eureka-client-1.9.3.jar:1.9.3]
	at com.netflix.discovery.shared.transport.decorator.EurekaHttpClientDecorator.register(EurekaHttpClientDecorator.java:56) [eureka-client-1.9.3.jar:1.9.3]
	at com.netflix.discovery.DiscoveryClient.register(DiscoveryClient.java:829) [eureka-client-1.9.3.jar:1.9.3]
	at com.netflix.discovery.InstanceInfoReplicator.run(InstanceInfoReplicator.java:121) [eureka-client-1.9.3.jar:1.9.3]
	at com.netflix.discovery.InstanceInfoReplicator$1.run(InstanceInfoReplicator.java:101) [eureka-client-1.9.3.jar:1.9.3]
	at java.util.concurrent.Executors$RunnableAdapter.call(Executors.java:511) [?:1.8.0_181]
	at java.util.concurrent.FutureTask.run(FutureTask.java:266) [?:1.8.0_181]
	at java.util.concurrent.ScheduledThreadPoolExecutor$ScheduledFutureTask.access$201(ScheduledThreadPoolExecutor.java:180) [?:1.8.0_181]
	at java.util.concurrent.ScheduledThreadPoolExecutor$ScheduledFutureTask.run(ScheduledThreadPoolExecutor.java:293) [?:1.8.0_181]
	at java.util.concurrent.ThreadPoolExecutor.runWorker(ThreadPoolExecutor.java:1149) [?:1.8.0_181]
	at java.util.concurrent.ThreadPoolExecutor$Worker.run(ThreadPoolExecutor.java:624) [?:1.8.0_181]
	at java.lang.Thread.run(Thread.java:748) [?:1.8.0_181]
Caused by: org.apache.http.client.ClientProtocolException
	at org.apache.http.impl.client.AbstractHttpClient.doExecute(AbstractHttpClient.java:839) ~[httpclient-4.5.5.jar:4.5.5]
	at org.apache.http.impl.client.CloseableHttpClient.execute(CloseableHttpClient.java:118) ~[httpclient-4.5.5.jar:4.5.5]
	at org.apache.http.impl.client.CloseableHttpClient.execute(CloseableHttpClient.java:56) ~[httpclient-4.5.5.jar:4.5.5]
	at com.sun.jersey.client.apache4.ApacheHttpClient4Handler.handle(ApacheHttpClient4Handler.java:173) ~[jersey-apache-client4-1.19.1.jar:1.19.1]
	... 29 more
Caused by: org.apache.http.client.NonRepeatableRequestException: Cannot retry request with a non-repeatable request entity.  The cause lists the reason the original request failed.
	at org.apache.http.impl.client.DefaultRequestDirector.tryExecute(DefaultRequestDirector.java:658) ~[httpclient-4.5.5.jar:4.5.5]
	at org.apache.http.impl.client.DefaultRequestDirector.execute(DefaultRequestDirector.java:486) ~[httpclient-4.5.5.jar:4.5.5]
	at org.apache.http.impl.client.AbstractHttpClient.doExecute(AbstractHttpClient.java:835) ~[httpclient-4.5.5.jar:4.5.5]
	at org.apache.http.impl.client.CloseableHttpClient.execute(CloseableHttpClient.java:118) ~[httpclient-4.5.5.jar:4.5.5]
	at org.apache.http.impl.client.CloseableHttpClient.execute(CloseableHttpClient.java:56) ~[httpclient-4.5.5.jar:4.5.5]
	at com.sun.jersey.client.apache4.ApacheHttpClient4Handler.handle(ApacheHttpClient4Handler.java:173) ~[jersey-apache-client4-1.19.1.jar:1.19.1]
	... 29 more
Caused by: java.net.SocketException: Broken pipe (Write failed)
	at java.net.SocketOutputStream.socketWrite0(Native Method) ~[?:1.8.0_181]
	at java.net.SocketOutputStream.socketWrite(SocketOutputStream.java:111) ~[?:1.8.0_181]
	at java.net.SocketOutputStream.write(SocketOutputStream.java:155) ~[?:1.8.0_181]
	at org.apache.http.impl.io.AbstractSessionOutputBuffer.flushBuffer(AbstractSessionOutputBuffer.java:160) ~[httpcore-4.4.9.jar:4.4.9]
	at org.apache.http.impl.io.AbstractSessionOutputBuffer.flush(AbstractSessionOutputBuffer.java:168) ~[httpcore-4.4.9.jar:4.4.9]
	at org.apache.http.impl.io.ChunkedOutputStream.close(ChunkedOutputStream.java:203) ~[httpcore-4.4.9.jar:4.4.9]
	at com.fasterxml.jackson.core.json.UTF8JsonGenerator.close(UTF8JsonGenerator.java:1138) ~[jackson-core-2.9.6.jar:2.9.6]
	at com.fasterxml.jackson.databind.ObjectWriter._configAndWriteValue(ObjectWriter.java:1125) ~[jackson-databind-2.9.6.jar:2.9.6]
	at com.fasterxml.jackson.databind.ObjectWriter.writeValue(ObjectWriter.java:950) ~[jackson-databind-2.9.6.jar:2.9.6]
	at com.netflix.discovery.converters.EurekaJacksonCodec.writeTo(EurekaJacksonCodec.java:221) ~[eureka-client-1.9.3.jar:1.9.3]
	at com.netflix.discovery.converters.wrappers.CodecWrappers$LegacyJacksonJson.encode(CodecWrappers.java:304) ~[eureka-client-1.9.3.jar:1.9.3]
	at com.netflix.discovery.provider.DiscoveryJerseyProvider.writeTo(DiscoveryJerseyProvider.java:135) ~[eureka-client-1.9.3.jar:1.9.3]
	at com.sun.jersey.api.client.RequestWriter$RequestEntityWriterImpl.writeRequestEntity(RequestWriter.java:231) ~[jersey-client-1.19.1.jar:1.19.1]
	at com.sun.jersey.client.apache4.ApacheHttpClient4Handler$2.writeTo(ApacheHttpClient4Handler.java:289) ~[jersey-apache-client4-1.19.1.jar:1.19.1]
	at org.apache.http.entity.HttpEntityWrapper.writeTo(HttpEntityWrapper.java:94) ~[httpcore-4.4.9.jar:4.4.9]
	at org.apache.http.impl.client.EntityEnclosingRequestWrapper$EntityWrapper.writeTo(EntityEnclosingRequestWrapper.java:110) ~[httpclient-4.5.5.jar:4.5.5]
	at org.apache.http.impl.entity.EntitySerializer.serialize(EntitySerializer.java:118) ~[httpcore-4.4.9.jar:4.4.9]
	at org.apache.http.impl.AbstractHttpClientConnection.sendRequestEntity(AbstractHttpClientConnection.java:266) ~[httpcore-4.4.9.jar:4.4.9]
	at org.apache.http.impl.conn.AbstractClientConnAdapter.sendRequestEntity(AbstractClientConnAdapter.java:239) ~[httpclient-4.5.5.jar:4.5.5]
	at org.apache.http.protocol.HttpRequestExecutor.doSendRequest(HttpRequestExecutor.java:238) ~[httpcore-4.4.9.jar:4.4.9]
	at org.apache.http.protocol.HttpRequestExecutor.execute(HttpRequestExecutor.java:123) ~[httpcore-4.4.9.jar:4.4.9]
	at org.apache.http.impl.client.DefaultRequestDirector.tryExecute(DefaultRequestDirector.java:684) ~[httpclient-4.5.5.jar:4.5.5]
	at org.apache.http.impl.client.DefaultRequestDirector.execute(DefaultRequestDirector.java:486) ~[httpclient-4.5.5.jar:4.5.5]
	at org.apache.http.impl.client.AbstractHttpClient.doExecute(AbstractHttpClient.java:835) ~[httpclient-4.5.5.jar:4.5.5]
	at org.apache.http.impl.client.CloseableHttpClient.execute(CloseableHttpClient.java:118) ~[httpclient-4.5.5.jar:4.5.5]
	at org.apache.http.impl.client.CloseableHttpClient.execute(CloseableHttpClient.java:56) ~[httpclient-4.5.5.jar:4.5.5]
	at com.sun.jersey.client.apache4.ApacheHttpClient4Handler.handle(ApacheHttpClient4Handler.java:173) ~[jersey-apache-client4-1.19.1.jar:1.19.1]
	... 29 more
2018-10-30 01:07:23.752 ERROR [DiscoveryClient-InstanceInfoReplicator-0] [RedirectingEurekaHttpClient.java:83:execute] : Request execution error
com.sun.jersey.api.client.ClientHandlerException: java.net.SocketException: Connection reset
	at com.sun.jersey.client.apache4.ApacheHttpClient4Handler.handle(ApacheHttpClient4Handler.java:187) ~[jersey-apache-client4-1.19.1.jar:1.19.1]
	at com.sun.jersey.api.client.filter.GZIPContentEncodingFilter.handle(GZIPContentEncodingFilter.java:123) ~[jersey-client-1.19.1.jar:1.19.1]
	at com.netflix.discovery.EurekaIdentityHeaderFilter.handle(EurekaIdentityHeaderFilter.java:27) ~[eureka-client-1.9.3.jar:1.9.3]
	at com.sun.jersey.api.client.Client.handle(Client.java:652) ~[jersey-client-1.19.1.jar:1.19.1]
	at com.sun.jersey.api.client.WebResource.handle(WebResource.java:682) ~[jersey-client-1.19.1.jar:1.19.1]
	at com.sun.jersey.api.client.WebResource.access$200(WebResource.java:74) ~[jersey-client-1.19.1.jar:1.19.1]
	at com.sun.jersey.api.client.WebResource$Builder.post(WebResource.java:570) ~[jersey-client-1.19.1.jar:1.19.1]
	at com.netflix.discovery.shared.transport.jersey.AbstractJerseyEurekaHttpClient.register(AbstractJerseyEurekaHttpClient.java:56) ~[eureka-client-1.9.3.jar:1.9.3]
	at com.netflix.discovery.shared.transport.decorator.EurekaHttpClientDecorator$1.execute(EurekaHttpClientDecorator.java:59) ~[eureka-client-1.9.3.jar:1.9.3]
	at com.netflix.discovery.shared.transport.decorator.MetricsCollectingEurekaHttpClient.execute(MetricsCollectingEurekaHttpClient.java:73) ~[eureka-client-1.9.3.jar:1.9.3]
	at com.netflix.discovery.shared.transport.decorator.EurekaHttpClientDecorator.register(EurekaHttpClientDecorator.java:56) ~[eureka-client-1.9.3.jar:1.9.3]
	at com.netflix.discovery.shared.transport.decorator.EurekaHttpClientDecorator$1.execute(EurekaHttpClientDecorator.java:59) ~[eureka-client-1.9.3.jar:1.9.3]
	at com.netflix.discovery.shared.transport.decorator.RedirectingEurekaHttpClient.executeOnNewServer(RedirectingEurekaHttpClient.java:118) ~[eureka-client-1.9.3.jar:1.9.3]
	at com.netflix.discovery.shared.transport.decorator.RedirectingEurekaHttpClient.execute(RedirectingEurekaHttpClient.java:79) [eureka-client-1.9.3.jar:1.9.3]
	at com.netflix.discovery.shared.transport.decorator.EurekaHttpClientDecorator.register(EurekaHttpClientDecorator.java:56) [eureka-client-1.9.3.jar:1.9.3]
	at com.netflix.discovery.shared.transport.decorator.EurekaHttpClientDecorator$1.execute(EurekaHttpClientDecorator.java:59) [eureka-client-1.9.3.jar:1.9.3]
	at com.netflix.discovery.shared.transport.decorator.RetryableEurekaHttpClient.execute(RetryableEurekaHttpClient.java:120) [eureka-client-1.9.3.jar:1.9.3]
	at com.netflix.discovery.shared.transport.decorator.EurekaHttpClientDecorator.register(EurekaHttpClientDecorator.java:56) [eureka-client-1.9.3.jar:1.9.3]
	at com.netflix.discovery.shared.transport.decorator.EurekaHttpClientDecorator$1.execute(EurekaHttpClientDecorator.java:59) [eureka-client-1.9.3.jar:1.9.3]
	at com.netflix.discovery.shared.transport.decorator.SessionedEurekaHttpClient.execute(SessionedEurekaHttpClient.java:77) [eureka-client-1.9.3.jar:1.9.3]
	at com.netflix.discovery.shared.transport.decorator.EurekaHttpClientDecorator.register(EurekaHttpClientDecorator.java:56) [eureka-client-1.9.3.jar:1.9.3]
	at com.netflix.discovery.DiscoveryClient.register(DiscoveryClient.java:829) [eureka-client-1.9.3.jar:1.9.3]
	at com.netflix.discovery.InstanceInfoReplicator.run(InstanceInfoReplicator.java:121) [eureka-client-1.9.3.jar:1.9.3]
	at com.netflix.discovery.InstanceInfoReplicator$1.run(InstanceInfoReplicator.java:101) [eureka-client-1.9.3.jar:1.9.3]
	at java.util.concurrent.Executors$RunnableAdapter.call(Executors.java:511) [?:1.8.0_181]
	at java.util.concurrent.FutureTask.run(FutureTask.java:266) [?:1.8.0_181]
	at java.util.concurrent.ScheduledThreadPoolExecutor$ScheduledFutureTask.access$201(ScheduledThreadPoolExecutor.java:180) [?:1.8.0_181]
	at java.util.concurrent.ScheduledThreadPoolExecutor$ScheduledFutureTask.run(ScheduledThreadPoolExecutor.java:293) [?:1.8.0_181]
	at java.util.concurrent.ThreadPoolExecutor.runWorker(ThreadPoolExecutor.java:1149) [?:1.8.0_181]
	at java.util.concurrent.ThreadPoolExecutor$Worker.run(ThreadPoolExecutor.java:624) [?:1.8.0_181]
	at java.lang.Thread.run(Thread.java:748) [?:1.8.0_181]
Caused by: java.net.SocketException: Connection reset
	at java.net.SocketInputStream.read(SocketInputStream.java:210) ~[?:1.8.0_181]
	at java.net.SocketInputStream.read(SocketInputStream.java:141) ~[?:1.8.0_181]
	at org.apache.http.impl.io.AbstractSessionInputBuffer.fillBuffer(AbstractSessionInputBuffer.java:161) ~[httpcore-4.4.9.jar:4.4.9]
	at org.apache.http.impl.io.SocketInputBuffer.fillBuffer(SocketInputBuffer.java:82) ~[httpcore-4.4.9.jar:4.4.9]
	at org.apache.http.impl.io.AbstractSessionInputBuffer.readLine(AbstractSessionInputBuffer.java:278) ~[httpcore-4.4.9.jar:4.4.9]
	at org.apache.http.impl.conn.DefaultHttpResponseParser.parseHead(DefaultHttpResponseParser.java:138) ~[httpclient-4.5.5.jar:4.5.5]
	at org.apache.http.impl.conn.DefaultHttpResponseParser.parseHead(DefaultHttpResponseParser.java:56) ~[httpclient-4.5.5.jar:4.5.5]
	at org.apache.http.impl.io.AbstractMessageParser.parse(AbstractMessageParser.java:259) ~[httpcore-4.4.9.jar:4.4.9]
	at org.apache.http.impl.AbstractHttpClientConnection.receiveResponseHeader(AbstractHttpClientConnection.java:286) ~[httpcore-4.4.9.jar:4.4.9]
	at org.apache.http.impl.conn.DefaultClientConnection.receiveResponseHeader(DefaultClientConnection.java:257) ~[httpclient-4.5.5.jar:4.5.5]
	at org.apache.http.impl.conn.AbstractClientConnAdapter.receiveResponseHeader(AbstractClientConnAdapter.java:230) ~[httpclient-4.5.5.jar:4.5.5]
	at org.apache.http.protocol.HttpRequestExecutor.doReceiveResponse(HttpRequestExecutor.java:273) ~[httpcore-4.4.9.jar:4.4.9]
	at org.apache.http.protocol.HttpRequestExecutor.execute(HttpRequestExecutor.java:125) ~[httpcore-4.4.9.jar:4.4.9]
	at org.apache.http.impl.client.DefaultRequestDirector.tryExecute(DefaultRequestDirector.java:684) ~[httpclient-4.5.5.jar:4.5.5]
	at org.apache.http.impl.client.DefaultRequestDirector.execute(DefaultRequestDirector.java:486) ~[httpclient-4.5.5.jar:4.5.5]
	at org.apache.http.impl.client.AbstractHttpClient.doExecute(AbstractHttpClient.java:835) ~[httpclient-4.5.5.jar:4.5.5]
	at org.apache.http.impl.client.CloseableHttpClient.execute(CloseableHttpClient.java:118) ~[httpclient-4.5.5.jar:4.5.5]
	at org.apache.http.impl.client.CloseableHttpClient.execute(CloseableHttpClient.java:56) ~[httpclient-4.5.5.jar:4.5.5]
	at com.sun.jersey.client.apache4.ApacheHttpClient4Handler.handle(ApacheHttpClient4Handler.java:173) ~[jersey-apache-client4-1.19.1.jar:1.19.1]
	... 30 more
