2018-11-29 10:39:43.200 INFO [main] [AbstractApplicationContext.java:590:prepareRefresh] : Refreshing org.springframework.context.annotation.AnnotationConfigApplicationContext@729d991e: startup date [Thu Nov 29 10:39:43 CST 2018]; root of context hierarchy
2018-11-29 10:39:43.431 INFO [main] [AutowiredAnnotationBeanPostProcessor.java:154:<init>] : JSR-330 'javax.inject.Inject' annotation found and supported for autowiring
2018-11-29 10:39:43.475 INFO [main] [PostProcessorRegistrationDelegate.java:328:postProcessAfterInitialization] : Bean 'configurationPropertiesRebinderAutoConfiguration' of type [org.springframework.cloud.autoconfigure.ConfigurationPropertiesRebinderAutoConfiguration$$EnhancerBySpringCGLIB$$6e83ae03] is not eligible for getting processed by all BeanPostProcessors (for example: not eligible for auto-proxying)
2018-11-29 10:39:43.705 INFO [main] [SpringApplication.java:663:logStartupProfileInfo] : The following profiles are active: dev
2018-11-29 10:39:43.739 INFO [main] [AbstractApplicationContext.java:590:prepareRefresh] : Refreshing org.springframework.boot.web.servlet.context.AnnotationConfigServletWebServerApplicationContext@2f05be7f: startup date [Thu Nov 29 10:39:43 CST 2018]; parent: org.springframework.context.annotation.AnnotationConfigApplicationContext@729d991e
2018-11-29 10:39:44.375 INFO [main] [DefaultListableBeanFactory.java:824:registerBeanDefinition] : Overriding bean definition for bean 'counterFactory' with a different definition: replacing [Root bean: class [null]; scope=; abstract=false; lazyInit=false; autowireMode=3; dependencyCheck=0; autowireCandidate=true; primary=false; factoryBeanName=org.springframework.cloud.netflix.zuul.ZuulServerAutoConfiguration$ZuulMetricsConfiguration; factoryMethodName=counterFactory; initMethodName=null; destroyMethodName=(inferred); defined in class path resource [org/springframework/cloud/netflix/zuul/ZuulServerAutoConfiguration$ZuulMetricsConfiguration.class]] with [Root bean: class [null]; scope=; abstract=false; lazyInit=false; autowireMode=3; dependencyCheck=0; autowireCandidate=true; primary=false; factoryBeanName=org.springframework.cloud.netflix.zuul.ZuulServerAutoConfiguration$ZuulCounterFactoryConfiguration; factoryMethodName=counterFactory; initMethodName=null; destroyMethodName=(inferred); defined in class path resource [org/springframework/cloud/netflix/zuul/ZuulServerAutoConfiguration$ZuulCounterFactoryConfiguration.class]]
2018-11-29 10:39:44.631 INFO [main] [GenericScope.java:294:setSerializationId] : BeanFactory id=9a3c2fb4-be4a-3a67-af1d-cd4f3ac83250
2018-11-29 10:39:44.652 INFO [main] [AutowiredAnnotationBeanPostProcessor.java:154:<init>] : JSR-330 'javax.inject.Inject' annotation found and supported for autowiring
2018-11-29 10:39:44.831 INFO [main] [PostProcessorRegistrationDelegate.java:328:postProcessAfterInitialization] : Bean 'org.springframework.cloud.autoconfigure.ConfigurationPropertiesRebinderAutoConfiguration' of type [org.springframework.cloud.autoconfigure.ConfigurationPropertiesRebinderAutoConfiguration$$EnhancerBySpringCGLIB$$6e83ae03] is not eligible for getting processed by all BeanPostProcessors (for example: not eligible for auto-proxying)
2018-11-29 10:39:45.090 INFO [main] [TomcatWebServer.java:91:initialize] : Tomcat initialized with port(s): 18081 (http)
2018-11-29 10:39:45.104 INFO [main] [DirectJDKLog.java:180:log] : Initializing ProtocolHandler ["http-nio-18081"]
2018-11-29 10:39:45.112 INFO [main] [DirectJDKLog.java:180:log] : Starting service [Tomcat]
2018-11-29 10:39:45.113 INFO [main] [DirectJDKLog.java:180:log] : Starting Servlet Engine: Apache Tomcat/8.5.31
2018-11-29 10:39:45.117 INFO [localhost-startStop-1] [DirectJDKLog.java:180:log] : The APR based Apache Tomcat Native library which allows optimal performance in production environments was not found on the java.library.path: [/Users/yanghai/Library/Java/Extensions:/Library/Java/Extensions:/Network/Library/Java/Extensions:/System/Library/Java/Extensions:/usr/lib/java:.]
2018-11-29 10:39:45.205 INFO [localhost-startStop-1] [DirectJDKLog.java:180:log] : Initializing Spring embedded WebApplicationContext
2018-11-29 10:39:45.205 INFO [localhost-startStop-1] [ServletWebServerApplicationContext.java:285:prepareWebApplicationContext] : Root WebApplicationContext: initialization completed in 1466 ms
2018-11-29 10:39:45.411 WARN [localhost-startStop-1] [URLConfigurationSource.java:121:<init>] : No URLs will be polled as dynamic configuration sources.
2018-11-29 10:39:45.412 INFO [localhost-startStop-1] [URLConfigurationSource.java:122:<init>] : To enable URLs as dynamic configuration sources, define System property archaius.configurationSource.additionalUrls or make config.properties available on classpath.
2018-11-29 10:39:45.421 INFO [localhost-startStop-1] [DynamicPropertyFactory.java:281:getInstance] : DynamicPropertyFactory is initialized with configuration sources: com.netflix.config.ConcurrentCompositeConfiguration@62411015
2018-11-29 10:39:46.230 INFO [localhost-startStop-1] [AbstractFilterRegistrationBean.java:245:configure] : Mapping filter: 'characterEncodingFilter' to: [/*]
2018-11-29 10:39:46.230 INFO [localhost-startStop-1] [AbstractFilterRegistrationBean.java:245:configure] : Mapping filter: 'hiddenHttpMethodFilter' to: [/*]
2018-11-29 10:39:46.231 INFO [localhost-startStop-1] [AbstractFilterRegistrationBean.java:245:configure] : Mapping filter: 'httpPutFormContentFilter' to: [/*]
2018-11-29 10:39:46.231 INFO [localhost-startStop-1] [AbstractFilterRegistrationBean.java:245:configure] : Mapping filter: 'requestContextFilter' to: [/*]
2018-11-29 10:39:46.231 INFO [localhost-startStop-1] [AbstractFilterRegistrationBean.java:245:configure] : Mapping filter: 'springSecurityFilterChain' to: [/*]
2018-11-29 10:39:46.231 INFO [localhost-startStop-1] [AbstractFilterRegistrationBean.java:245:configure] : Mapping filter: 'httpTraceFilter' to: [/*]
2018-11-29 10:39:46.232 INFO [localhost-startStop-1] [AbstractFilterRegistrationBean.java:245:configure] : Mapping filter: 'webMvcMetricsFilter' to: [/*]
2018-11-29 10:39:46.232 INFO [localhost-startStop-1] [ServletRegistrationBean.java:186:addRegistration] : Servlet dispatcherServlet mapped to [/]
2018-11-29 10:39:46.233 INFO [localhost-startStop-1] [ServletRegistrationBean.java:186:addRegistration] : Servlet zuulServlet mapped to [/zuul/*]
2018-11-29 10:39:46.234 INFO [localhost-startStop-1] [ServletEndpointRegistrar.java:69:register] : Registered '/actuator/jolokia' to jolokia-actuator-endpoint
2018-11-29 10:39:46.234 INFO [localhost-startStop-1] [ServletEndpointRegistrar.java:69:register] : Registered '/actuator/hystrix.stream' to hystrix.stream-actuator-endpoint
2018-11-29 10:39:46.509 INFO [main] [AbstractHandlerMethodMapping.java:547:register] : Mapped "{[/oauth/authorize]}" onto public org.springframework.web.servlet.ModelAndView org.springframework.security.oauth2.provider.endpoint.AuthorizationEndpoint.authorize(java.util.Map<java.lang.String, java.lang.Object>,java.util.Map<java.lang.String, java.lang.String>,org.springframework.web.bind.support.SessionStatus,java.security.Principal)
2018-11-29 10:39:46.511 INFO [main] [AbstractHandlerMethodMapping.java:547:register] : Mapped "{[/oauth/authorize],methods=[POST],params=[user_oauth_approval]}" onto public org.springframework.web.servlet.View org.springframework.security.oauth2.provider.endpoint.AuthorizationEndpoint.approveOrDeny(java.util.Map<java.lang.String, java.lang.String>,java.util.Map<java.lang.String, ?>,org.springframework.web.bind.support.SessionStatus,java.security.Principal)
2018-11-29 10:39:46.512 INFO [main] [AbstractHandlerMethodMapping.java:547:register] : Mapped "{[/oauth/token],methods=[GET]}" onto public org.springframework.http.ResponseEntity<org.springframework.security.oauth2.common.OAuth2AccessToken> org.springframework.security.oauth2.provider.endpoint.TokenEndpoint.getAccessToken(java.security.Principal,java.util.Map<java.lang.String, java.lang.String>) throws org.springframework.web.HttpRequestMethodNotSupportedException
2018-11-29 10:39:46.513 INFO [main] [AbstractHandlerMethodMapping.java:547:register] : Mapped "{[/oauth/token],methods=[POST]}" onto public org.springframework.http.ResponseEntity<org.springframework.security.oauth2.common.OAuth2AccessToken> org.springframework.security.oauth2.provider.endpoint.TokenEndpoint.postAccessToken(java.security.Principal,java.util.Map<java.lang.String, java.lang.String>) throws org.springframework.web.HttpRequestMethodNotSupportedException
2018-11-29 10:39:46.513 INFO [main] [AbstractHandlerMethodMapping.java:547:register] : Mapped "{[/oauth/check_token]}" onto public java.util.Map<java.lang.String, ?> org.springframework.security.oauth2.provider.endpoint.CheckTokenEndpoint.checkToken(java.lang.String)
2018-11-29 10:39:46.514 INFO [main] [AbstractHandlerMethodMapping.java:547:register] : Mapped "{[/oauth/confirm_access]}" onto public org.springframework.web.servlet.ModelAndView org.springframework.security.oauth2.provider.endpoint.WhitelabelApprovalEndpoint.getAccessConfirmation(java.util.Map<java.lang.String, java.lang.Object>,javax.servlet.http.HttpServletRequest) throws java.lang.Exception
2018-11-29 10:39:46.515 INFO [main] [AbstractHandlerMethodMapping.java:547:register] : Mapped "{[/oauth/error]}" onto public org.springframework.web.servlet.ModelAndView org.springframework.security.oauth2.provider.endpoint.WhitelabelErrorEndpoint.handleError(javax.servlet.http.HttpServletRequest)
2018-11-29 10:39:46.634 WARN [main] [URLConfigurationSource.java:121:<init>] : No URLs will be polled as dynamic configuration sources.
2018-11-29 10:39:46.634 INFO [main] [URLConfigurationSource.java:122:<init>] : To enable URLs as dynamic configuration sources, define System property archaius.configurationSource.additionalUrls or make config.properties available on classpath.
2018-11-29 10:39:46.672 INFO [main] [OAuth2AuthorizationServerConfiguration.java:169:init] : Initialized OAuth2 Client

security.oauth2.client.client-id = 1d9b7509-15b4-48df-9434-db03d835ed1b
security.oauth2.client.client-secret = 6ddd2f2a-715f-4906-a43c-c7984be6d390


2018-11-29 10:39:46.701 INFO [main] [AbstractUrlHandlerMapping.java:373:registerHandler] : Mapped URL path [/**/favicon.ico] onto handler of type [class org.springframework.web.servlet.resource.ResourceHttpRequestHandler]
2018-11-29 10:39:46.835 INFO [main] [RequestMappingHandlerAdapter.java:574:initControllerAdviceCache] : Looking for @ControllerAdvice: org.springframework.boot.web.servlet.context.AnnotationConfigServletWebServerApplicationContext@2f05be7f: startup date [Thu Nov 29 10:39:43 CST 2018]; parent: org.springframework.context.annotation.AnnotationConfigApplicationContext@729d991e
2018-11-29 10:39:46.872 INFO [main] [AbstractHandlerMethodMapping.java:547:register] : Mapped "{[/error]}" onto public org.springframework.http.ResponseEntity<java.util.Map<java.lang.String, java.lang.Object>> org.springframework.boot.autoconfigure.web.servlet.error.BasicErrorController.error(javax.servlet.http.HttpServletRequest)
2018-11-29 10:39:46.873 INFO [main] [AbstractHandlerMethodMapping.java:547:register] : Mapped "{[/error],produces=[text/html]}" onto public org.springframework.web.servlet.ModelAndView org.springframework.boot.autoconfigure.web.servlet.error.BasicErrorController.errorHtml(javax.servlet.http.HttpServletRequest,javax.servlet.http.HttpServletResponse)
2018-11-29 10:39:46.902 INFO [main] [AbstractUrlHandlerMapping.java:373:registerHandler] : Mapped URL path [/webjars/**] onto handler of type [class org.springframework.web.servlet.resource.ResourceHttpRequestHandler]
2018-11-29 10:39:46.902 INFO [main] [AbstractUrlHandlerMapping.java:373:registerHandler] : Mapped URL path [/**] onto handler of type [class org.springframework.web.servlet.resource.ResourceHttpRequestHandler]
2018-11-29 10:39:46.917 INFO [main] [ExceptionHandlerExceptionResolver.java:288:initExceptionHandlerAdviceCache] : Detected @ExceptionHandler methods in globalExceptionHandler
2018-11-29 10:39:47.385 INFO [main] [DefaultSecurityFilterChain.java:43:<init>] : Creating filter chain: OrRequestMatcher [requestMatchers=[Ant [pattern='/oauth/token'], Ant [pattern='/oauth/token_key'], Ant [pattern='/oauth/check_token']]], [org.springframework.security.web.context.request.async.WebAsyncManagerIntegrationFilter@35dece42, org.springframework.security.web.context.SecurityContextPersistenceFilter@2c719bd4, org.springframework.security.web.header.HeaderWriterFilter@46fc522d, org.springframework.security.web.authentication.logout.LogoutFilter@151732fb, org.springframework.security.web.authentication.www.BasicAuthenticationFilter@66e21568, org.springframework.security.web.savedrequest.RequestCacheAwareFilter@2b736fee, org.springframework.security.web.servletapi.SecurityContextHolderAwareRequestFilter@2ad99cf3, org.springframework.security.web.authentication.AnonymousAuthenticationFilter@dd3f8aa, org.springframework.security.web.session.SessionManagementFilter@62b3a2f6, org.springframework.security.web.access.ExceptionTranslationFilter@4e22368c, org.springframework.security.web.access.intercept.FilterSecurityInterceptor@68b11545]
2018-11-29 10:39:47.713 INFO [main] [ZuulFilterInitializer.java:65:contextInitialized] : Starting filter initializer
2018-11-29 10:39:47.738 INFO [main] [EndpointLinksResolver.java:59:<init>] : Exposing 23 endpoint(s) beneath base path '/actuator'
2018-11-29 10:39:47.749 INFO [main] [AbstractHandlerMethodMapping.java:547:register] : Mapped "{[/actuator/archaius],methods=[GET],produces=[application/vnd.spring-boot.actuator.v2+json || application/json]}" onto public java.lang.Object org.springframework.boot.actuate.endpoint.web.servlet.AbstractWebMvcEndpointHandlerMapping$OperationHandler.handle(javax.servlet.http.HttpServletRequest,java.util.Map<java.lang.String, java.lang.String>)
2018-11-29 10:39:47.750 INFO [main] [AbstractHandlerMethodMapping.java:547:register] : Mapped "{[/actuator/auditevents],methods=[GET],produces=[application/vnd.spring-boot.actuator.v2+json || application/json]}" onto public java.lang.Object org.springframework.boot.actuate.endpoint.web.servlet.AbstractWebMvcEndpointHandlerMapping$OperationHandler.handle(javax.servlet.http.HttpServletRequest,java.util.Map<java.lang.String, java.lang.String>)
2018-11-29 10:39:47.751 INFO [main] [AbstractHandlerMethodMapping.java:547:register] : Mapped "{[/actuator/beans],methods=[GET],produces=[application/vnd.spring-boot.actuator.v2+json || application/json]}" onto public java.lang.Object org.springframework.boot.actuate.endpoint.web.servlet.AbstractWebMvcEndpointHandlerMapping$OperationHandler.handle(javax.servlet.http.HttpServletRequest,java.util.Map<java.lang.String, java.lang.String>)
2018-11-29 10:39:47.751 INFO [main] [AbstractHandlerMethodMapping.java:547:register] : Mapped "{[/actuator/health],methods=[GET],produces=[application/vnd.spring-boot.actuator.v2+json || application/json]}" onto public java.lang.Object org.springframework.boot.actuate.endpoint.web.servlet.AbstractWebMvcEndpointHandlerMapping$OperationHandler.handle(javax.servlet.http.HttpServletRequest,java.util.Map<java.lang.String, java.lang.String>)
2018-11-29 10:39:47.752 INFO [main] [AbstractHandlerMethodMapping.java:547:register] : Mapped "{[/actuator/conditions],methods=[GET],produces=[application/vnd.spring-boot.actuator.v2+json || application/json]}" onto public java.lang.Object org.springframework.boot.actuate.endpoint.web.servlet.AbstractWebMvcEndpointHandlerMapping$OperationHandler.handle(javax.servlet.http.HttpServletRequest,java.util.Map<java.lang.String, java.lang.String>)
2018-11-29 10:39:47.752 INFO [main] [AbstractHandlerMethodMapping.java:547:register] : Mapped "{[/actuator/configprops],methods=[GET],produces=[application/vnd.spring-boot.actuator.v2+json || application/json]}" onto public java.lang.Object org.springframework.boot.actuate.endpoint.web.servlet.AbstractWebMvcEndpointHandlerMapping$OperationHandler.handle(javax.servlet.http.HttpServletRequest,java.util.Map<java.lang.String, java.lang.String>)
2018-11-29 10:39:47.752 INFO [main] [AbstractHandlerMethodMapping.java:547:register] : Mapped "{[/actuator/env],methods=[GET],produces=[application/vnd.spring-boot.actuator.v2+json || application/json]}" onto public java.lang.Object org.springframework.boot.actuate.endpoint.web.servlet.AbstractWebMvcEndpointHandlerMapping$OperationHandler.handle(javax.servlet.http.HttpServletRequest,java.util.Map<java.lang.String, java.lang.String>)
2018-11-29 10:39:47.753 INFO [main] [AbstractHandlerMethodMapping.java:547:register] : Mapped "{[/actuator/env/{toMatch}],methods=[GET],produces=[application/vnd.spring-boot.actuator.v2+json || application/json]}" onto public java.lang.Object org.springframework.boot.actuate.endpoint.web.servlet.AbstractWebMvcEndpointHandlerMapping$OperationHandler.handle(javax.servlet.http.HttpServletRequest,java.util.Map<java.lang.String, java.lang.String>)
2018-11-29 10:39:47.753 INFO [main] [AbstractHandlerMethodMapping.java:547:register] : Mapped "{[/actuator/env],methods=[POST],consumes=[application/vnd.spring-boot.actuator.v2+json || application/json],produces=[application/vnd.spring-boot.actuator.v2+json || application/json]}" onto public java.lang.Object org.springframework.boot.actuate.endpoint.web.servlet.AbstractWebMvcEndpointHandlerMapping$OperationHandler.handle(javax.servlet.http.HttpServletRequest,java.util.Map<java.lang.String, java.lang.String>)
2018-11-29 10:39:47.754 INFO [main] [AbstractHandlerMethodMapping.java:547:register] : Mapped "{[/actuator/env],methods=[DELETE],produces=[application/vnd.spring-boot.actuator.v2+json || application/json]}" onto public java.lang.Object org.springframework.boot.actuate.endpoint.web.servlet.AbstractWebMvcEndpointHandlerMapping$OperationHandler.handle(javax.servlet.http.HttpServletRequest,java.util.Map<java.lang.String, java.lang.String>)
2018-11-29 10:39:47.754 INFO [main] [AbstractHandlerMethodMapping.java:547:register] : Mapped "{[/actuator/info],methods=[GET],produces=[application/vnd.spring-boot.actuator.v2+json || application/json]}" onto public java.lang.Object org.springframework.boot.actuate.endpoint.web.servlet.AbstractWebMvcEndpointHandlerMapping$OperationHandler.handle(javax.servlet.http.HttpServletRequest,java.util.Map<java.lang.String, java.lang.String>)
2018-11-29 10:39:47.754 INFO [main] [AbstractHandlerMethodMapping.java:547:register] : Mapped "{[/actuator/logfile],methods=[GET],produces=[application/octet-stream]}" onto public java.lang.Object org.springframework.boot.actuate.endpoint.web.servlet.AbstractWebMvcEndpointHandlerMapping$OperationHandler.handle(javax.servlet.http.HttpServletRequest,java.util.Map<java.lang.String, java.lang.String>)
2018-11-29 10:39:47.755 INFO [main] [AbstractHandlerMethodMapping.java:547:register] : Mapped "{[/actuator/loggers],methods=[GET],produces=[application/vnd.spring-boot.actuator.v2+json || application/json]}" onto public java.lang.Object org.springframework.boot.actuate.endpoint.web.servlet.AbstractWebMvcEndpointHandlerMapping$OperationHandler.handle(javax.servlet.http.HttpServletRequest,java.util.Map<java.lang.String, java.lang.String>)
2018-11-29 10:39:47.755 INFO [main] [AbstractHandlerMethodMapping.java:547:register] : Mapped "{[/actuator/loggers/{name}],methods=[GET],produces=[application/vnd.spring-boot.actuator.v2+json || application/json]}" onto public java.lang.Object org.springframework.boot.actuate.endpoint.web.servlet.AbstractWebMvcEndpointHandlerMapping$OperationHandler.handle(javax.servlet.http.HttpServletRequest,java.util.Map<java.lang.String, java.lang.String>)
2018-11-29 10:39:47.755 INFO [main] [AbstractHandlerMethodMapping.java:547:register] : Mapped "{[/actuator/loggers/{name}],methods=[POST],consumes=[application/vnd.spring-boot.actuator.v2+json || application/json]}" onto public java.lang.Object org.springframework.boot.actuate.endpoint.web.servlet.AbstractWebMvcEndpointHandlerMapping$OperationHandler.handle(javax.servlet.http.HttpServletRequest,java.util.Map<java.lang.String, java.lang.String>)
2018-11-29 10:39:47.756 INFO [main] [AbstractHandlerMethodMapping.java:547:register] : Mapped "{[/actuator/heapdump],methods=[GET],produces=[application/octet-stream]}" onto public java.lang.Object org.springframework.boot.actuate.endpoint.web.servlet.AbstractWebMvcEndpointHandlerMapping$OperationHandler.handle(javax.servlet.http.HttpServletRequest,java.util.Map<java.lang.String, java.lang.String>)
2018-11-29 10:39:47.756 INFO [main] [AbstractHandlerMethodMapping.java:547:register] : Mapped "{[/actuator/threaddump],methods=[GET],produces=[application/vnd.spring-boot.actuator.v2+json || application/json]}" onto public java.lang.Object org.springframework.boot.actuate.endpoint.web.servlet.AbstractWebMvcEndpointHandlerMapping$OperationHandler.handle(javax.servlet.http.HttpServletRequest,java.util.Map<java.lang.String, java.lang.String>)
2018-11-29 10:39:47.756 INFO [main] [AbstractHandlerMethodMapping.java:547:register] : Mapped "{[/actuator/metrics/{requiredMetricName}],methods=[GET],produces=[application/vnd.spring-boot.actuator.v2+json || application/json]}" onto public java.lang.Object org.springframework.boot.actuate.endpoint.web.servlet.AbstractWebMvcEndpointHandlerMapping$OperationHandler.handle(javax.servlet.http.HttpServletRequest,java.util.Map<java.lang.String, java.lang.String>)
2018-11-29 10:39:47.757 INFO [main] [AbstractHandlerMethodMapping.java:547:register] : Mapped "{[/actuator/metrics],methods=[GET],produces=[application/vnd.spring-boot.actuator.v2+json || application/json]}" onto public java.lang.Object org.springframework.boot.actuate.endpoint.web.servlet.AbstractWebMvcEndpointHandlerMapping$OperationHandler.handle(javax.servlet.http.HttpServletRequest,java.util.Map<java.lang.String, java.lang.String>)
2018-11-29 10:39:47.757 INFO [main] [AbstractHandlerMethodMapping.java:547:register] : Mapped "{[/actuator/scheduledtasks],methods=[GET],produces=[application/vnd.spring-boot.actuator.v2+json || application/json]}" onto public java.lang.Object org.springframework.boot.actuate.endpoint.web.servlet.AbstractWebMvcEndpointHandlerMapping$OperationHandler.handle(javax.servlet.http.HttpServletRequest,java.util.Map<java.lang.String, java.lang.String>)
2018-11-29 10:39:47.757 INFO [main] [AbstractHandlerMethodMapping.java:547:register] : Mapped "{[/actuator/httptrace],methods=[GET],produces=[application/vnd.spring-boot.actuator.v2+json || application/json]}" onto public java.lang.Object org.springframework.boot.actuate.endpoint.web.servlet.AbstractWebMvcEndpointHandlerMapping$OperationHandler.handle(javax.servlet.http.HttpServletRequest,java.util.Map<java.lang.String, java.lang.String>)
2018-11-29 10:39:47.758 INFO [main] [AbstractHandlerMethodMapping.java:547:register] : Mapped "{[/actuator/mappings],methods=[GET],produces=[application/vnd.spring-boot.actuator.v2+json || application/json]}" onto public java.lang.Object org.springframework.boot.actuate.endpoint.web.servlet.AbstractWebMvcEndpointHandlerMapping$OperationHandler.handle(javax.servlet.http.HttpServletRequest,java.util.Map<java.lang.String, java.lang.String>)
2018-11-29 10:39:47.758 INFO [main] [AbstractHandlerMethodMapping.java:547:register] : Mapped "{[/actuator/refresh],methods=[POST],produces=[application/vnd.spring-boot.actuator.v2+json || application/json]}" onto public java.lang.Object org.springframework.boot.actuate.endpoint.web.servlet.AbstractWebMvcEndpointHandlerMapping$OperationHandler.handle(javax.servlet.http.HttpServletRequest,java.util.Map<java.lang.String, java.lang.String>)
2018-11-29 10:39:47.758 INFO [main] [AbstractHandlerMethodMapping.java:547:register] : Mapped "{[/actuator/features],methods=[GET],produces=[application/vnd.spring-boot.actuator.v2+json || application/json]}" onto public java.lang.Object org.springframework.boot.actuate.endpoint.web.servlet.AbstractWebMvcEndpointHandlerMapping$OperationHandler.handle(javax.servlet.http.HttpServletRequest,java.util.Map<java.lang.String, java.lang.String>)
2018-11-29 10:39:47.758 INFO [main] [AbstractHandlerMethodMapping.java:547:register] : Mapped "{[/actuator/service-registry],methods=[POST],consumes=[application/vnd.spring-boot.actuator.v2+json || application/json],produces=[application/vnd.spring-boot.actuator.v2+json || application/json]}" onto public java.lang.Object org.springframework.boot.actuate.endpoint.web.servlet.AbstractWebMvcEndpointHandlerMapping$OperationHandler.handle(javax.servlet.http.HttpServletRequest,java.util.Map<java.lang.String, java.lang.String>)
2018-11-29 10:39:47.759 INFO [main] [AbstractHandlerMethodMapping.java:547:register] : Mapped "{[/actuator/service-registry],methods=[GET],produces=[application/vnd.spring-boot.actuator.v2+json || application/json]}" onto public java.lang.Object org.springframework.boot.actuate.endpoint.web.servlet.AbstractWebMvcEndpointHandlerMapping$OperationHandler.handle(javax.servlet.http.HttpServletRequest,java.util.Map<java.lang.String, java.lang.String>)
2018-11-29 10:39:47.759 INFO [main] [AbstractHandlerMethodMapping.java:547:register] : Mapped "{[/actuator/routes],methods=[GET],produces=[application/vnd.spring-boot.actuator.v2+json || application/json]}" onto public java.lang.Object org.springframework.boot.actuate.endpoint.web.servlet.AbstractWebMvcEndpointHandlerMapping$OperationHandler.handle(javax.servlet.http.HttpServletRequest,java.util.Map<java.lang.String, java.lang.String>)
2018-11-29 10:39:47.759 INFO [main] [AbstractHandlerMethodMapping.java:547:register] : Mapped "{[/actuator/routes],methods=[POST],produces=[application/vnd.spring-boot.actuator.v2+json || application/json]}" onto public java.lang.Object org.springframework.boot.actuate.endpoint.web.servlet.AbstractWebMvcEndpointHandlerMapping$OperationHandler.handle(javax.servlet.http.HttpServletRequest,java.util.Map<java.lang.String, java.lang.String>)
2018-11-29 10:39:47.759 INFO [main] [AbstractHandlerMethodMapping.java:547:register] : Mapped "{[/actuator/routes/{format}],methods=[GET],produces=[application/vnd.spring-boot.actuator.v2+json || application/json]}" onto public java.lang.Object org.springframework.boot.actuate.endpoint.web.servlet.AbstractWebMvcEndpointHandlerMapping$OperationHandler.handle(javax.servlet.http.HttpServletRequest,java.util.Map<java.lang.String, java.lang.String>)
2018-11-29 10:39:47.760 INFO [main] [AbstractHandlerMethodMapping.java:547:register] : Mapped "{[/actuator/filters],methods=[GET],produces=[application/vnd.spring-boot.actuator.v2+json || application/json]}" onto public java.lang.Object org.springframework.boot.actuate.endpoint.web.servlet.AbstractWebMvcEndpointHandlerMapping$OperationHandler.handle(javax.servlet.http.HttpServletRequest,java.util.Map<java.lang.String, java.lang.String>)
2018-11-29 10:39:47.760 INFO [main] [AbstractHandlerMethodMapping.java:547:register] : Mapped "{[/actuator],methods=[GET],produces=[application/vnd.spring-boot.actuator.v2+json || application/json]}" onto protected java.util.Map<java.lang.String, java.util.Map<java.lang.String, org.springframework.boot.actuate.endpoint.web.Link>> org.springframework.boot.actuate.endpoint.web.servlet.WebMvcEndpointHandlerMapping.links(javax.servlet.http.HttpServletRequest,javax.servlet.http.HttpServletResponse)
2018-11-29 10:39:47.810 INFO [main] [MBeanExporter.java:433:afterSingletonsInstantiated] : Registering beans for JMX exposure on startup
2018-11-29 10:39:47.819 INFO [main] [MBeanExporter.java:895:autodetect] : Bean with name 'environmentManager' has been autodetected for JMX exposure
2018-11-29 10:39:47.820 INFO [main] [MBeanExporter.java:895:autodetect] : Bean with name 'configurationPropertiesRebinder' has been autodetected for JMX exposure
2018-11-29 10:39:47.821 INFO [main] [MBeanExporter.java:895:autodetect] : Bean with name 'refreshScope' has been autodetected for JMX exposure
2018-11-29 10:39:47.824 INFO [main] [MBeanExporter.java:675:registerBeanInstance] : Located managed bean 'environmentManager': registering with JMX server as MBean [org.springframework.cloud.context.environment:name=environmentManager,type=EnvironmentManager]
2018-11-29 10:39:47.831 INFO [main] [MBeanExporter.java:675:registerBeanInstance] : Located managed bean 'refreshScope': registering with JMX server as MBean [org.springframework.cloud.context.scope.refresh:name=refreshScope,type=RefreshScope]
2018-11-29 10:39:47.839 INFO [main] [MBeanExporter.java:675:registerBeanInstance] : Located managed bean 'configurationPropertiesRebinder': registering with JMX server as MBean [org.springframework.cloud.context.properties:name=configurationPropertiesRebinder,context=2f05be7f,type=ConfigurationPropertiesRebinder]
2018-11-29 10:39:47.849 INFO [main] [DefaultLifecycleProcessor.java:351:start] : Starting beans in phase 0
2018-11-29 10:39:47.855 INFO [main] [InstanceInfoFactory.java:71:create] : Setting initial instance status as: STARTING
2018-11-29 10:39:47.889 INFO [main] [DiscoveryClient.java:349:<init>] : Initializing Eureka in region us-east-1
2018-11-29 10:39:47.928 INFO [main] [DiscoveryJerseyProvider.java:70:<init>] : Using JSON encoding codec LegacyJacksonJson
2018-11-29 10:39:47.928 INFO [main] [DiscoveryJerseyProvider.java:71:<init>] : Using JSON decoding codec LegacyJacksonJson
2018-11-29 10:39:48.022 INFO [main] [DiscoveryJerseyProvider.java:80:<init>] : Using XML encoding codec XStreamXml
2018-11-29 10:39:48.022 INFO [main] [DiscoveryJerseyProvider.java:81:<init>] : Using XML decoding codec XStreamXml
2018-11-29 10:39:48.162 INFO [main] [ConfigClusterResolver.java:43:getClusterEndpoints] : Resolving eureka endpoints via configuration
2018-11-29 10:39:48.181 INFO [main] [DiscoveryClient.java:958:fetchRegistry] : Disable delta property : false
2018-11-29 10:39:48.182 INFO [main] [DiscoveryClient.java:959:fetchRegistry] : Single vip registry refresh property : null
2018-11-29 10:39:48.182 INFO [main] [DiscoveryClient.java:960:fetchRegistry] : Force full registry fetch : false
2018-11-29 10:39:48.182 INFO [main] [DiscoveryClient.java:961:fetchRegistry] : Application is null : false
2018-11-29 10:39:48.182 INFO [main] [DiscoveryClient.java:962:fetchRegistry] : Registered Applications size is zero : true
2018-11-29 10:39:48.183 INFO [main] [DiscoveryClient.java:964:fetchRegistry] : Application version is -1: true
2018-11-29 10:39:48.183 INFO [main] [DiscoveryClient.java:1047:getAndStoreFullRegistry] : Getting all instance registry info from the eureka server
2018-11-29 10:39:48.319 INFO [main] [DiscoveryClient.java:1056:getAndStoreFullRegistry] : The response status is 200
2018-11-29 10:39:48.324 INFO [main] [DiscoveryClient.java:1264:initScheduledTasks] : Starting heartbeat executor: renew interval is: 10
2018-11-29 10:39:48.327 INFO [main] [InstanceInfoReplicator.java:60:<init>] : InstanceInfoReplicator onDemand update allowed rate per min is 4
2018-11-29 10:39:48.330 INFO [main] [DiscoveryClient.java:449:<init>] : Discovery Client initialized at timestamp 1543459188329 with initial instances count: 4
2018-11-29 10:39:48.336 INFO [main] [EurekaServiceRegistry.java:42:register] : Registering application service-zuul with eureka with status UP
2018-11-29 10:39:48.337 INFO [main] [DiscoveryClient.java:1299:notify] : Saw local status change event StatusChangeEvent [timestamp=1543459188337, current=UP, previous=STARTING]
2018-11-29 10:39:48.339 INFO [DiscoveryClient-InstanceInfoReplicator-0] [DiscoveryClient.java:826:register] : DiscoveryClient_SERVICE-ZUUL/172.19.128.75:service-zuul:18081: registering service...
2018-11-29 10:39:48.360 INFO [main] [DirectJDKLog.java:180:log] : Starting ProtocolHandler ["http-nio-18081"]
2018-11-29 10:39:48.376 INFO [DiscoveryClient-InstanceInfoReplicator-0] [DiscoveryClient.java:835:register] : DiscoveryClient_SERVICE-ZUUL/172.19.128.75:service-zuul:18081 - registration status: 204
2018-11-29 10:39:48.386 INFO [main] [DirectJDKLog.java:180:log] : Using a shared selector for servlet write/read
2018-11-29 10:39:48.401 INFO [main] [TomcatWebServer.java:206:start] : Tomcat started on port(s): 18081 (http) with context path ''
2018-11-29 10:39:48.402 INFO [main] [EurekaAutoServiceRegistration.java:124:onApplicationEvent] : Updating port to 18081
2018-11-29 10:39:48.405 INFO [main] [StartupInfoLogger.java:59:logStarted] : Started ZuulServerApplication in 5.843 seconds (JVM running for 6.579)
2018-11-29 10:39:48.596 INFO [RMI TCP Connection(6)-127.0.0.1] [DirectJDKLog.java:180:log] : Initializing Spring FrameworkServlet 'dispatcherServlet'
2018-11-29 10:39:48.597 INFO [RMI TCP Connection(6)-127.0.0.1] [FrameworkServlet.java:494:initServletBean] : FrameworkServlet 'dispatcherServlet': initialization started
2018-11-29 10:39:48.611 INFO [RMI TCP Connection(6)-127.0.0.1] [FrameworkServlet.java:509:initServletBean] : FrameworkServlet 'dispatcherServlet': initialization completed in 14 ms
2018-11-29 10:40:16.506 INFO [http-nio-18081-exec-1] [AbstractUrlHandlerMapping.java:373:registerHandler] : Mapped URL path [/api-a/**] onto handler of type [class org.springframework.cloud.netflix.zuul.web.ZuulController]
2018-11-29 10:40:16.507 INFO [http-nio-18081-exec-1] [AbstractUrlHandlerMapping.java:373:registerHandler] : Mapped URL path [/api-b/**] onto handler of type [class org.springframework.cloud.netflix.zuul.web.ZuulController]
2018-11-29 10:40:16.507 INFO [http-nio-18081-exec-1] [AbstractUrlHandlerMapping.java:373:registerHandler] : Mapped URL path [/autho/**] onto handler of type [class org.springframework.cloud.netflix.zuul.web.ZuulController]
2018-11-29 10:40:16.507 INFO [http-nio-18081-exec-1] [AbstractUrlHandlerMapping.java:373:registerHandler] : Mapped URL path [/new-service/**] onto handler of type [class org.springframework.cloud.netflix.zuul.web.ZuulController]
2018-11-29 10:40:16.507 INFO [http-nio-18081-exec-1] [AbstractUrlHandlerMapping.java:373:registerHandler] : Mapped URL path [/user-service/**] onto handler of type [class org.springframework.cloud.netflix.zuul.web.ZuulController]
2018-11-29 10:40:16.508 INFO [http-nio-18081-exec-1] [AbstractUrlHandlerMapping.java:373:registerHandler] : Mapped URL path [/service-admin/**] onto handler of type [class org.springframework.cloud.netflix.zuul.web.ZuulController]
2018-11-29 10:43:52.737 INFO [http-nio-18081-exec-5] [AbstractApplicationContext.java:590:prepareRefresh] : Refreshing SpringClientFactory-user-service: startup date [Thu Nov 29 10:43:52 CST 2018]; parent: org.springframework.boot.web.servlet.context.AnnotationConfigServletWebServerApplicationContext@2f05be7f
2018-11-29 10:43:52.788 INFO [http-nio-18081-exec-5] [AutowiredAnnotationBeanPostProcessor.java:154:<init>] : JSR-330 'javax.inject.Inject' annotation found and supported for autowiring
2018-11-29 10:43:53.155 INFO [http-nio-18081-exec-5] [ChainedDynamicProperty.java:115:checkAndFlip] : Flipping property: user-service.ribbon.ActiveConnectionsLimit to use NEXT property: niws.loadbalancer.availabilityFilteringRule.activeConnectionsLimit = 2147483647
2018-11-29 10:43:53.174 INFO [http-nio-18081-exec-5] [ShutdownEnabledTimer.java:58:<init>] : Shutdown hook installed for: NFLoadBalancer-PingTimer-user-service
2018-11-29 10:43:53.198 INFO [http-nio-18081-exec-5] [BaseLoadBalancer.java:192:initWithConfig] : Client: user-service instantiated a LoadBalancer: DynamicServerListLoadBalancer:{NFLoadBalancer:name=user-service,current list of Servers=[],Load balancer stats=Zone stats: {},Server stats: []}ServerList:null
2018-11-29 10:43:53.203 INFO [http-nio-18081-exec-5] [DynamicServerListLoadBalancer.java:222:enableAndInitLearnNewServersFeature] : Using serverListUpdater PollingServerListUpdater
2018-11-29 10:43:53.226 INFO [http-nio-18081-exec-5] [ChainedDynamicProperty.java:115:checkAndFlip] : Flipping property: user-service.ribbon.ActiveConnectionsLimit to use NEXT property: niws.loadbalancer.availabilityFilteringRule.activeConnectionsLimit = 2147483647
2018-11-29 10:43:53.228 INFO [http-nio-18081-exec-5] [DynamicServerListLoadBalancer.java:150:restOfInit] : DynamicServerListLoadBalancer for client user-service initialized: DynamicServerListLoadBalancer:{NFLoadBalancer:name=user-service,current list of Servers=[172.19.128.75:18086, 172.19.128.75:18085],Load balancer stats=Zone stats: {defaultzone=[Zone:defaultzone;	Instance count:2;	Active connections count: 0;	Circuit breaker tripped count: 0;	Active connections per server: 0.0;]
},Server stats: [[Server:172.19.128.75:18085;	Zone:defaultZone;	Total Requests:0;	Successive connection failure:0;	Total blackout seconds:0;	Last connection made:Thu Jan 01 08:00:00 CST 1970;	First connection made: Thu Jan 01 08:00:00 CST 1970;	Active Connections:0;	total failure count in last (1000) msecs:0;	average resp time:0.0;	90 percentile resp time:0.0;	95 percentile resp time:0.0;	min resp time:0.0;	max resp time:0.0;	stddev resp time:0.0]
, [Server:172.19.128.75:18086;	Zone:defaultZone;	Total Requests:0;	Successive connection failure:0;	Total blackout seconds:0;	Last connection made:Thu Jan 01 08:00:00 CST 1970;	First connection made: Thu Jan 01 08:00:00 CST 1970;	Active Connections:0;	total failure count in last (1000) msecs:0;	average resp time:0.0;	90 percentile resp time:0.0;	95 percentile resp time:0.0;	min resp time:0.0;	max resp time:0.0;	stddev resp time:0.0]
]}ServerList:org.springframework.cloud.netflix.ribbon.eureka.DomainExtractingServerList@1b0f3d4a
2018-11-29 10:43:54.209 INFO [PollingServerListUpdater-0] [ChainedDynamicProperty.java:115:checkAndFlip] : Flipping property: user-service.ribbon.ActiveConnectionsLimit to use NEXT property: niws.loadbalancer.availabilityFilteringRule.activeConnectionsLimit = 2147483647
2018-11-29 10:44:48.179 INFO [AsyncResolver-bootstrap-executor-0] [ConfigClusterResolver.java:43:getClusterEndpoints] : Resolving eureka endpoints via configuration
2018-11-29 10:46:02.666 INFO [Thread-33] [PollingServerListUpdater.java:53:run] : Shutting down the Executor Pool for PollingServerListUpdater
2018-11-29 10:46:02.666 INFO [Thread-21] [AbstractApplicationContext.java:993:doClose] : Closing org.springframework.boot.web.servlet.context.AnnotationConfigServletWebServerApplicationContext@2f05be7f: startup date [Thu Nov 29 10:39:43 CST 2018]; parent: org.springframework.context.annotation.AnnotationConfigApplicationContext@729d991e
2018-11-29 10:46:02.667 INFO [Thread-21] [EurekaServiceRegistry.java:65:deregister] : Unregistering application service-zuul with eureka with status DOWN
2018-11-29 10:46:02.667 WARN [Thread-21] [DiscoveryClient.java:1297:notify] : Saw local status change event StatusChangeEvent [timestamp=1543459562667, current=DOWN, previous=UP]
2018-11-29 10:46:02.668 INFO [DiscoveryClient-InstanceInfoReplicator-0] [DiscoveryClient.java:826:register] : DiscoveryClient_SERVICE-ZUUL/172.19.128.75:service-zuul:18081: registering service...
2018-11-29 10:46:02.669 INFO [Thread-21] [DefaultLifecycleProcessor.java:366:stop] : Stopping beans in phase 0
2018-11-29 10:46:02.670 INFO [Thread-21] [ZuulFilterInitializer.java:77:contextDestroyed] : Stopping filter initializer
2018-11-29 10:46:02.672 INFO [Thread-21] [AbstractApplicationContext.java:993:doClose] : Closing SpringClientFactory-user-service: startup date [Thu Nov 29 10:43:52 CST 2018]; parent: org.springframework.boot.web.servlet.context.AnnotationConfigServletWebServerApplicationContext@2f05be7f
2018-11-29 10:46:02.674 INFO [Thread-21] [ShutdownEnabledTimer.java:67:cancel] : Shutdown hook removed for: NFLoadBalancer-PingTimer-user-service
2018-11-29 10:46:02.674 INFO [Thread-21] [ShutdownEnabledTimer.java:72:cancel] : Exception caught (might be ok if at shutdown)
java.lang.IllegalStateException: Shutdown in progress
	at java.lang.ApplicationShutdownHooks.remove(ApplicationShutdownHooks.java:82) ~[?:1.8.0_181]
	at java.lang.Runtime.removeShutdownHook(Runtime.java:239) ~[?:1.8.0_181]
	at com.netflix.util.concurrent.ShutdownEnabledTimer.cancel(ShutdownEnabledTimer.java:70) [netflix-commons-util-0.3.0.jar:0.3.0]
	at com.netflix.loadbalancer.BaseLoadBalancer.cancelPingTask(BaseLoadBalancer.java:613) [ribbon-loadbalancer-2.2.5.jar:2.2.5]
	at com.netflix.loadbalancer.BaseLoadBalancer.shutdown(BaseLoadBalancer.java:864) [ribbon-loadbalancer-2.2.5.jar:2.2.5]
	at com.netflix.loadbalancer.DynamicServerListLoadBalancer.shutdown(DynamicServerListLoadBalancer.java:285) [ribbon-loadbalancer-2.2.5.jar:2.2.5]
	at sun.reflect.NativeMethodAccessorImpl.invoke0(Native Method) ~[?:1.8.0_181]
	at sun.reflect.NativeMethodAccessorImpl.invoke(NativeMethodAccessorImpl.java:62) ~[?:1.8.0_181]
	at sun.reflect.DelegatingMethodAccessorImpl.invoke(DelegatingMethodAccessorImpl.java:43) ~[?:1.8.0_181]
	at java.lang.reflect.Method.invoke(Method.java:498) ~[?:1.8.0_181]
	at org.springframework.beans.factory.support.DisposableBeanAdapter.invokeCustomDestroyMethod(DisposableBeanAdapter.java:337) [spring-beans-5.0.7.RELEASE.jar:5.0.7.RELEASE]
	at org.springframework.beans.factory.support.DisposableBeanAdapter.destroy(DisposableBeanAdapter.java:271) [spring-beans-5.0.7.RELEASE.jar:5.0.7.RELEASE]
	at org.springframework.beans.factory.support.DefaultSingletonBeanRegistry.destroyBean(DefaultSingletonBeanRegistry.java:571) [spring-beans-5.0.7.RELEASE.jar:5.0.7.RELEASE]
	at org.springframework.beans.factory.support.DefaultSingletonBeanRegistry.destroySingleton(DefaultSingletonBeanRegistry.java:543) [spring-beans-5.0.7.RELEASE.jar:5.0.7.RELEASE]
	at org.springframework.beans.factory.support.DefaultListableBeanFactory.destroySingleton(DefaultListableBeanFactory.java:957) [spring-beans-5.0.7.RELEASE.jar:5.0.7.RELEASE]
	at org.springframework.beans.factory.support.DefaultSingletonBeanRegistry.destroySingletons(DefaultSingletonBeanRegistry.java:504) [spring-beans-5.0.7.RELEASE.jar:5.0.7.RELEASE]
	at org.springframework.beans.factory.support.DefaultListableBeanFactory.destroySingletons(DefaultListableBeanFactory.java:964) [spring-beans-5.0.7.RELEASE.jar:5.0.7.RELEASE]
	at org.springframework.context.support.AbstractApplicationContext.destroyBeans(AbstractApplicationContext.java:1041) [spring-context-5.0.7.RELEASE.jar:5.0.7.RELEASE]
	at org.springframework.context.support.AbstractApplicationContext.doClose(AbstractApplicationContext.java:1017) [spring-context-5.0.7.RELEASE.jar:5.0.7.RELEASE]
	at org.springframework.context.support.AbstractApplicationContext.close(AbstractApplicationContext.java:967) [spring-context-5.0.7.RELEASE.jar:5.0.7.RELEASE]
	at org.springframework.cloud.context.named.NamedContextFactory.destroy(NamedContextFactory.java:76) [spring-cloud-context-2.0.1.RELEASE.jar:2.0.1.RELEASE]
	at org.springframework.beans.factory.support.DisposableBeanAdapter.destroy(DisposableBeanAdapter.java:256) [spring-beans-5.0.7.RELEASE.jar:5.0.7.RELEASE]
	at org.springframework.beans.factory.support.DefaultSingletonBeanRegistry.destroyBean(DefaultSingletonBeanRegistry.java:571) [spring-beans-5.0.7.RELEASE.jar:5.0.7.RELEASE]
	at org.springframework.beans.factory.support.DefaultSingletonBeanRegistry.destroySingleton(DefaultSingletonBeanRegistry.java:543) [spring-beans-5.0.7.RELEASE.jar:5.0.7.RELEASE]
	at org.springframework.beans.factory.support.DefaultListableBeanFactory.destroySingleton(DefaultListableBeanFactory.java:957) [spring-beans-5.0.7.RELEASE.jar:5.0.7.RELEASE]
	at org.springframework.beans.factory.support.DefaultSingletonBeanRegistry.destroySingletons(DefaultSingletonBeanRegistry.java:504) [spring-beans-5.0.7.RELEASE.jar:5.0.7.RELEASE]
	at org.springframework.beans.factory.support.DefaultListableBeanFactory.destroySingletons(DefaultListableBeanFactory.java:964) [spring-beans-5.0.7.RELEASE.jar:5.0.7.RELEASE]
	at org.springframework.context.support.AbstractApplicationContext.destroyBeans(AbstractApplicationContext.java:1041) [spring-context-5.0.7.RELEASE.jar:5.0.7.RELEASE]
	at org.springframework.context.support.AbstractApplicationContext.doClose(AbstractApplicationContext.java:1017) [spring-context-5.0.7.RELEASE.jar:5.0.7.RELEASE]
	at org.springframework.context.support.AbstractApplicationContext$1.run(AbstractApplicationContext.java:937) [spring-context-5.0.7.RELEASE.jar:5.0.7.RELEASE]
2018-11-29 10:46:02.674 ERROR [DiscoveryClient-InstanceInfoReplicator-0] [RedirectingEurekaHttpClient.java:91:execute] : Request execution error
com.sun.jersey.api.client.ClientHandlerException: java.net.SocketException: Connection reset
	at com.sun.jersey.client.apache4.ApacheHttpClient4Handler.handle(ApacheHttpClient4Handler.java:187) ~[jersey-apache-client4-1.19.1.jar:1.19.1]
	at com.sun.jersey.api.client.filter.GZIPContentEncodingFilter.handle(GZIPContentEncodingFilter.java:123) ~[jersey-client-1.19.1.jar:1.19.1]
	at com.netflix.discovery.EurekaIdentityHeaderFilter.handle(EurekaIdentityHeaderFilter.java:27) ~[eureka-client-1.9.3.jar:1.9.3]
	at com.sun.jersey.api.client.Client.handle(Client.java:652) ~[jersey-client-1.19.1.jar:1.19.1]
	at com.sun.jersey.api.client.WebResource.handle(WebResource.java:682) ~[jersey-client-1.19.1.jar:1.19.1]
	at com.sun.jersey.api.client.WebResource.access$200(WebResource.java:74) ~[jersey-client-1.19.1.jar:1.19.1]
	at com.sun.jersey.api.client.WebResource$Builder.post(WebResource.java:570) ~[jersey-client-1.19.1.jar:1.19.1]
	at com.netflix.discovery.shared.transport.jersey.AbstractJerseyEurekaHttpClient.register(AbstractJerseyEurekaHttpClient.java:56) ~[eureka-client-1.9.3.jar:1.9.3]
	at com.netflix.discovery.shared.transport.decorator.EurekaHttpClientDecorator$1.execute(EurekaHttpClientDecorator.java:59) ~[eureka-client-1.9.3.jar:1.9.3]
	at com.netflix.discovery.shared.transport.decorator.MetricsCollectingEurekaHttpClient.execute(MetricsCollectingEurekaHttpClient.java:73) ~[eureka-client-1.9.3.jar:1.9.3]
	at com.netflix.discovery.shared.transport.decorator.EurekaHttpClientDecorator.register(EurekaHttpClientDecorator.java:56) ~[eureka-client-1.9.3.jar:1.9.3]
	at com.netflix.discovery.shared.transport.decorator.EurekaHttpClientDecorator$1.execute(EurekaHttpClientDecorator.java:59) ~[eureka-client-1.9.3.jar:1.9.3]
	at com.netflix.discovery.shared.transport.decorator.RedirectingEurekaHttpClient.execute(RedirectingEurekaHttpClient.java:89) [eureka-client-1.9.3.jar:1.9.3]
	at com.netflix.discovery.shared.transport.decorator.EurekaHttpClientDecorator.register(EurekaHttpClientDecorator.java:56) [eureka-client-1.9.3.jar:1.9.3]
	at com.netflix.discovery.shared.transport.decorator.EurekaHttpClientDecorator$1.execute(EurekaHttpClientDecorator.java:59) [eureka-client-1.9.3.jar:1.9.3]
	at com.netflix.discovery.shared.transport.decorator.RetryableEurekaHttpClient.execute(RetryableEurekaHttpClient.java:120) [eureka-client-1.9.3.jar:1.9.3]
	at com.netflix.discovery.shared.transport.decorator.EurekaHttpClientDecorator.register(EurekaHttpClientDecorator.java:56) [eureka-client-1.9.3.jar:1.9.3]
	at com.netflix.discovery.shared.transport.decorator.EurekaHttpClientDecorator$1.execute(EurekaHttpClientDecorator.java:59) [eureka-client-1.9.3.jar:1.9.3]
	at com.netflix.discovery.shared.transport.decorator.SessionedEurekaHttpClient.execute(SessionedEurekaHttpClient.java:77) [eureka-client-1.9.3.jar:1.9.3]
	at com.netflix.discovery.shared.transport.decorator.EurekaHttpClientDecorator.register(EurekaHttpClientDecorator.java:56) [eureka-client-1.9.3.jar:1.9.3]
	at com.netflix.discovery.DiscoveryClient.register(DiscoveryClient.java:829) [eureka-client-1.9.3.jar:1.9.3]
	at com.netflix.discovery.InstanceInfoReplicator.run(InstanceInfoReplicator.java:121) [eureka-client-1.9.3.jar:1.9.3]
	at com.netflix.discovery.InstanceInfoReplicator$1.run(InstanceInfoReplicator.java:101) [eureka-client-1.9.3.jar:1.9.3]
	at java.util.concurrent.Executors$RunnableAdapter.call(Executors.java:511) [?:1.8.0_181]
	at java.util.concurrent.FutureTask.run(FutureTask.java:266) [?:1.8.0_181]
	at java.util.concurrent.ScheduledThreadPoolExecutor$ScheduledFutureTask.access$201(ScheduledThreadPoolExecutor.java:180) [?:1.8.0_181]
	at java.util.concurrent.ScheduledThreadPoolExecutor$ScheduledFutureTask.run(ScheduledThreadPoolExecutor.java:293) [?:1.8.0_181]
	at java.util.concurrent.ThreadPoolExecutor.runWorker(ThreadPoolExecutor.java:1149) [?:1.8.0_181]
	at java.util.concurrent.ThreadPoolExecutor$Worker.run(ThreadPoolExecutor.java:624) [?:1.8.0_181]
	at java.lang.Thread.run(Thread.java:748) [?:1.8.0_181]
Caused by: java.net.SocketException: Connection reset
	at java.net.SocketInputStream.read(SocketInputStream.java:210) ~[?:1.8.0_181]
	at java.net.SocketInputStream.read(SocketInputStream.java:141) ~[?:1.8.0_181]
	at org.apache.http.impl.io.AbstractSessionInputBuffer.fillBuffer(AbstractSessionInputBuffer.java:161) ~[httpcore-4.4.9.jar:4.4.9]
	at org.apache.http.impl.io.SocketInputBuffer.fillBuffer(SocketInputBuffer.java:82) ~[httpcore-4.4.9.jar:4.4.9]
	at org.apache.http.impl.io.AbstractSessionInputBuffer.readLine(AbstractSessionInputBuffer.java:278) ~[httpcore-4.4.9.jar:4.4.9]
	at org.apache.http.impl.conn.DefaultHttpResponseParser.parseHead(DefaultHttpResponseParser.java:138) ~[httpclient-4.5.5.jar:4.5.5]
	at org.apache.http.impl.conn.DefaultHttpResponseParser.parseHead(DefaultHttpResponseParser.java:56) ~[httpclient-4.5.5.jar:4.5.5]
	at org.apache.http.impl.io.AbstractMessageParser.parse(AbstractMessageParser.java:259) ~[httpcore-4.4.9.jar:4.4.9]
	at org.apache.http.impl.AbstractHttpClientConnection.receiveResponseHeader(AbstractHttpClientConnection.java:286) ~[httpcore-4.4.9.jar:4.4.9]
	at org.apache.http.impl.conn.DefaultClientConnection.receiveResponseHeader(DefaultClientConnection.java:257) ~[httpclient-4.5.5.jar:4.5.5]
	at org.apache.http.impl.conn.AbstractClientConnAdapter.receiveResponseHeader(AbstractClientConnAdapter.java:230) ~[httpclient-4.5.5.jar:4.5.5]
	at org.apache.http.protocol.HttpRequestExecutor.doReceiveResponse(HttpRequestExecutor.java:273) ~[httpcore-4.4.9.jar:4.4.9]
	at org.apache.http.protocol.HttpRequestExecutor.execute(HttpRequestExecutor.java:125) ~[httpcore-4.4.9.jar:4.4.9]
	at org.apache.http.impl.client.DefaultRequestDirector.tryExecute(DefaultRequestDirector.java:684) ~[httpclient-4.5.5.jar:4.5.5]
	at org.apache.http.impl.client.DefaultRequestDirector.execute(DefaultRequestDirector.java:486) ~[httpclient-4.5.5.jar:4.5.5]
	at org.apache.http.impl.client.AbstractHttpClient.doExecute(AbstractHttpClient.java:835) ~[httpclient-4.5.5.jar:4.5.5]
	at org.apache.http.impl.client.CloseableHttpClient.execute(CloseableHttpClient.java:118) ~[httpclient-4.5.5.jar:4.5.5]
	at org.apache.http.impl.client.CloseableHttpClient.execute(CloseableHttpClient.java:56) ~[httpclient-4.5.5.jar:4.5.5]
	at com.sun.jersey.client.apache4.ApacheHttpClient4Handler.handle(ApacheHttpClient4Handler.java:173) ~[jersey-apache-client4-1.19.1.jar:1.19.1]
	... 29 more
2018-11-29 10:46:02.681 WARN [DiscoveryClient-InstanceInfoReplicator-0] [RetryableEurekaHttpClient.java:130:execute] : Request execution failed with message: java.net.SocketException: Connection reset
2018-11-29 10:46:02.686 INFO [Thread-21] [MBeanExporter.java:451:destroy] : Unregistering JMX-exposed beans on shutdown
2018-11-29 10:46:02.687 INFO [Thread-21] [MBeanRegistrationSupport.java:183:unregisterBeans] : Unregistering JMX-exposed beans
2018-11-29 10:46:02.697 INFO [Thread-21] [DiscoveryClient.java:888:shutdown] : Shutting down DiscoveryClient ...
2018-11-29 10:46:02.700 WARN [Thread-21] [InitDestroyAnnotationBeanPostProcessor.java:163:postProcessBeforeDestruction] : Invocation of destroy method failed on bean with name 'scopedTarget.eurekaClient': org.springframework.beans.factory.BeanCreationNotAllowedException: Error creating bean with name 'eurekaInstanceConfigBean': Singleton bean creation not allowed while singletons of this factory are in destruction (Do not request a bean from a BeanFactory in a destroy method implementation!)
2018-11-29 10:46:04.812 ERROR [DiscoveryClient-InstanceInfoReplicator-0] [RedirectingEurekaHttpClient.java:83:execute] : Request execution error
com.sun.jersey.api.client.ClientHandlerException: java.net.SocketException: Connection reset
	at com.sun.jersey.client.apache4.ApacheHttpClient4Handler.handle(ApacheHttpClient4Handler.java:187) ~[jersey-apache-client4-1.19.1.jar:1.19.1]
	at com.sun.jersey.api.client.filter.GZIPContentEncodingFilter.handle(GZIPContentEncodingFilter.java:123) ~[jersey-client-1.19.1.jar:1.19.1]
	at com.netflix.discovery.EurekaIdentityHeaderFilter.handle(EurekaIdentityHeaderFilter.java:27) ~[eureka-client-1.9.3.jar:1.9.3]
	at com.sun.jersey.api.client.Client.handle(Client.java:652) ~[jersey-client-1.19.1.jar:1.19.1]
	at com.sun.jersey.api.client.WebResource.handle(WebResource.java:682) ~[jersey-client-1.19.1.jar:1.19.1]
	at com.sun.jersey.api.client.WebResource.access$200(WebResource.java:74) ~[jersey-client-1.19.1.jar:1.19.1]
	at com.sun.jersey.api.client.WebResource$Builder.post(WebResource.java:570) ~[jersey-client-1.19.1.jar:1.19.1]
	at com.netflix.discovery.shared.transport.jersey.AbstractJerseyEurekaHttpClient.register(AbstractJerseyEurekaHttpClient.java:56) ~[eureka-client-1.9.3.jar:1.9.3]
	at com.netflix.discovery.shared.transport.decorator.EurekaHttpClientDecorator$1.execute(EurekaHttpClientDecorator.java:59) ~[eureka-client-1.9.3.jar:1.9.3]
	at com.netflix.discovery.shared.transport.decorator.MetricsCollectingEurekaHttpClient.execute(MetricsCollectingEurekaHttpClient.java:73) ~[eureka-client-1.9.3.jar:1.9.3]
	at com.netflix.discovery.shared.transport.decorator.EurekaHttpClientDecorator.register(EurekaHttpClientDecorator.java:56) ~[eureka-client-1.9.3.jar:1.9.3]
	at com.netflix.discovery.shared.transport.decorator.EurekaHttpClientDecorator$1.execute(EurekaHttpClientDecorator.java:59) ~[eureka-client-1.9.3.jar:1.9.3]
	at com.netflix.discovery.shared.transport.decorator.RedirectingEurekaHttpClient.executeOnNewServer(RedirectingEurekaHttpClient.java:118) ~[eureka-client-1.9.3.jar:1.9.3]
	at com.netflix.discovery.shared.transport.decorator.RedirectingEurekaHttpClient.execute(RedirectingEurekaHttpClient.java:79) [eureka-client-1.9.3.jar:1.9.3]
	at com.netflix.discovery.shared.transport.decorator.EurekaHttpClientDecorator.register(EurekaHttpClientDecorator.java:56) [eureka-client-1.9.3.jar:1.9.3]
	at com.netflix.discovery.shared.transport.decorator.EurekaHttpClientDecorator$1.execute(EurekaHttpClientDecorator.java:59) [eureka-client-1.9.3.jar:1.9.3]
	at com.netflix.discovery.shared.transport.decorator.RetryableEurekaHttpClient.execute(RetryableEurekaHttpClient.java:120) [eureka-client-1.9.3.jar:1.9.3]
	at com.netflix.discovery.shared.transport.decorator.EurekaHttpClientDecorator.register(EurekaHttpClientDecorator.java:56) [eureka-client-1.9.3.jar:1.9.3]
	at com.netflix.discovery.shared.transport.decorator.EurekaHttpClientDecorator$1.execute(EurekaHttpClientDecorator.java:59) [eureka-client-1.9.3.jar:1.9.3]
	at com.netflix.discovery.shared.transport.decorator.SessionedEurekaHttpClient.execute(SessionedEurekaHttpClient.java:77) [eureka-client-1.9.3.jar:1.9.3]
	at com.netflix.discovery.shared.transport.decorator.EurekaHttpClientDecorator.register(EurekaHttpClientDecorator.java:56) [eureka-client-1.9.3.jar:1.9.3]
	at com.netflix.discovery.DiscoveryClient.register(DiscoveryClient.java:829) [eureka-client-1.9.3.jar:1.9.3]
	at com.netflix.discovery.InstanceInfoReplicator.run(InstanceInfoReplicator.java:121) [eureka-client-1.9.3.jar:1.9.3]
	at com.netflix.discovery.InstanceInfoReplicator$1.run(InstanceInfoReplicator.java:101) [eureka-client-1.9.3.jar:1.9.3]
	at java.util.concurrent.Executors$RunnableAdapter.call(Executors.java:511) [?:1.8.0_181]
	at java.util.concurrent.FutureTask.run(FutureTask.java:266) [?:1.8.0_181]
	at java.util.concurrent.ScheduledThreadPoolExecutor$ScheduledFutureTask.access$201(ScheduledThreadPoolExecutor.java:180) [?:1.8.0_181]
	at java.util.concurrent.ScheduledThreadPoolExecutor$ScheduledFutureTask.run(ScheduledThreadPoolExecutor.java:293) [?:1.8.0_181]
	at java.util.concurrent.ThreadPoolExecutor.runWorker(ThreadPoolExecutor.java:1149) [?:1.8.0_181]
	at java.util.concurrent.ThreadPoolExecutor$Worker.run(ThreadPoolExecutor.java:624) [?:1.8.0_181]
	at java.lang.Thread.run(Thread.java:748) [?:1.8.0_181]
Caused by: java.net.SocketException: Connection reset
	at java.net.SocketInputStream.read(SocketInputStream.java:210) ~[?:1.8.0_181]
	at java.net.SocketInputStream.read(SocketInputStream.java:141) ~[?:1.8.0_181]
	at org.apache.http.impl.io.AbstractSessionInputBuffer.fillBuffer(AbstractSessionInputBuffer.java:161) ~[httpcore-4.4.9.jar:4.4.9]
	at org.apache.http.impl.io.SocketInputBuffer.fillBuffer(SocketInputBuffer.java:82) ~[httpcore-4.4.9.jar:4.4.9]
	at org.apache.http.impl.io.AbstractSessionInputBuffer.readLine(AbstractSessionInputBuffer.java:278) ~[httpcore-4.4.9.jar:4.4.9]
	at org.apache.http.impl.conn.DefaultHttpResponseParser.parseHead(DefaultHttpResponseParser.java:138) ~[httpclient-4.5.5.jar:4.5.5]
	at org.apache.http.impl.conn.DefaultHttpResponseParser.parseHead(DefaultHttpResponseParser.java:56) ~[httpclient-4.5.5.jar:4.5.5]
	at org.apache.http.impl.io.AbstractMessageParser.parse(AbstractMessageParser.java:259) ~[httpcore-4.4.9.jar:4.4.9]
	at org.apache.http.impl.AbstractHttpClientConnection.receiveResponseHeader(AbstractHttpClientConnection.java:286) ~[httpcore-4.4.9.jar:4.4.9]
	at org.apache.http.impl.conn.DefaultClientConnection.receiveResponseHeader(DefaultClientConnection.java:257) ~[httpclient-4.5.5.jar:4.5.5]
	at org.apache.http.impl.conn.AbstractClientConnAdapter.receiveResponseHeader(AbstractClientConnAdapter.java:230) ~[httpclient-4.5.5.jar:4.5.5]
	at org.apache.http.protocol.HttpRequestExecutor.doReceiveResponse(HttpRequestExecutor.java:273) ~[httpcore-4.4.9.jar:4.4.9]
	at org.apache.http.protocol.HttpRequestExecutor.execute(HttpRequestExecutor.java:125) ~[httpcore-4.4.9.jar:4.4.9]
	at org.apache.http.impl.client.DefaultRequestDirector.tryExecute(DefaultRequestDirector.java:684) ~[httpclient-4.5.5.jar:4.5.5]
	at org.apache.http.impl.client.DefaultRequestDirector.execute(DefaultRequestDirector.java:486) ~[httpclient-4.5.5.jar:4.5.5]
	at org.apache.http.impl.client.AbstractHttpClient.doExecute(AbstractHttpClient.java:835) ~[httpclient-4.5.5.jar:4.5.5]
	at org.apache.http.impl.client.CloseableHttpClient.execute(CloseableHttpClient.java:118) ~[httpclient-4.5.5.jar:4.5.5]
	at org.apache.http.impl.client.CloseableHttpClient.execute(CloseableHttpClient.java:56) ~[httpclient-4.5.5.jar:4.5.5]
	at com.sun.jersey.client.apache4.ApacheHttpClient4Handler.handle(ApacheHttpClient4Handler.java:173) ~[jersey-apache-client4-1.19.1.jar:1.19.1]
	... 30 more
2018-11-29 10:46:04.813 WARN [DiscoveryClient-InstanceInfoReplicator-0] [RetryableEurekaHttpClient.java:130:execute] : Request execution failed with message: java.net.SocketException: Connection reset
2018-11-29 10:46:04.814 WARN [DiscoveryClient-InstanceInfoReplicator-0] [DiscoveryClient.java:831:register] : DiscoveryClient_SERVICE-ZUUL/172.19.128.75:service-zuul:18081 - registration failed Cannot execute request on any known server
com.netflix.discovery.shared.transport.TransportException: Cannot execute request on any known server
	at com.netflix.discovery.shared.transport.decorator.RetryableEurekaHttpClient.execute(RetryableEurekaHttpClient.java:112) ~[eureka-client-1.9.3.jar:1.9.3]
	at com.netflix.discovery.shared.transport.decorator.EurekaHttpClientDecorator.register(EurekaHttpClientDecorator.java:56) ~[eureka-client-1.9.3.jar:1.9.3]
	at com.netflix.discovery.shared.transport.decorator.EurekaHttpClientDecorator$1.execute(EurekaHttpClientDecorator.java:59) ~[eureka-client-1.9.3.jar:1.9.3]
	at com.netflix.discovery.shared.transport.decorator.SessionedEurekaHttpClient.execute(SessionedEurekaHttpClient.java:77) ~[eureka-client-1.9.3.jar:1.9.3]
	at com.netflix.discovery.shared.transport.decorator.EurekaHttpClientDecorator.register(EurekaHttpClientDecorator.java:56) ~[eureka-client-1.9.3.jar:1.9.3]
	at com.netflix.discovery.DiscoveryClient.register(DiscoveryClient.java:829) [eureka-client-1.9.3.jar:1.9.3]
	at com.netflix.discovery.InstanceInfoReplicator.run(InstanceInfoReplicator.java:121) [eureka-client-1.9.3.jar:1.9.3]
	at com.netflix.discovery.InstanceInfoReplicator$1.run(InstanceInfoReplicator.java:101) [eureka-client-1.9.3.jar:1.9.3]
	at java.util.concurrent.Executors$RunnableAdapter.call(Executors.java:511) [?:1.8.0_181]
	at java.util.concurrent.FutureTask.run(FutureTask.java:266) [?:1.8.0_181]
	at java.util.concurrent.ScheduledThreadPoolExecutor$ScheduledFutureTask.access$201(ScheduledThreadPoolExecutor.java:180) [?:1.8.0_181]
	at java.util.concurrent.ScheduledThreadPoolExecutor$ScheduledFutureTask.run(ScheduledThreadPoolExecutor.java:293) [?:1.8.0_181]
	at java.util.concurrent.ThreadPoolExecutor.runWorker(ThreadPoolExecutor.java:1149) [?:1.8.0_181]
	at java.util.concurrent.ThreadPoolExecutor$Worker.run(ThreadPoolExecutor.java:624) [?:1.8.0_181]
	at java.lang.Thread.run(Thread.java:748) [?:1.8.0_181]
2018-11-29 10:46:04.815 WARN [DiscoveryClient-InstanceInfoReplicator-0] [InstanceInfoReplicator.java:125:run] : There was a problem with the instance info replicator
com.netflix.discovery.shared.transport.TransportException: Cannot execute request on any known server
	at com.netflix.discovery.shared.transport.decorator.RetryableEurekaHttpClient.execute(RetryableEurekaHttpClient.java:112) ~[eureka-client-1.9.3.jar:1.9.3]
	at com.netflix.discovery.shared.transport.decorator.EurekaHttpClientDecorator.register(EurekaHttpClientDecorator.java:56) ~[eureka-client-1.9.3.jar:1.9.3]
	at com.netflix.discovery.shared.transport.decorator.EurekaHttpClientDecorator$1.execute(EurekaHttpClientDecorator.java:59) ~[eureka-client-1.9.3.jar:1.9.3]
	at com.netflix.discovery.shared.transport.decorator.SessionedEurekaHttpClient.execute(SessionedEurekaHttpClient.java:77) ~[eureka-client-1.9.3.jar:1.9.3]
	at com.netflix.discovery.shared.transport.decorator.EurekaHttpClientDecorator.register(EurekaHttpClientDecorator.java:56) ~[eureka-client-1.9.3.jar:1.9.3]
	at com.netflix.discovery.DiscoveryClient.register(DiscoveryClient.java:829) ~[eureka-client-1.9.3.jar:1.9.3]
	at com.netflix.discovery.InstanceInfoReplicator.run(InstanceInfoReplicator.java:121) [eureka-client-1.9.3.jar:1.9.3]
	at com.netflix.discovery.InstanceInfoReplicator$1.run(InstanceInfoReplicator.java:101) [eureka-client-1.9.3.jar:1.9.3]
	at java.util.concurrent.Executors$RunnableAdapter.call(Executors.java:511) [?:1.8.0_181]
	at java.util.concurrent.FutureTask.run(FutureTask.java:266) [?:1.8.0_181]
	at java.util.concurrent.ScheduledThreadPoolExecutor$ScheduledFutureTask.access$201(ScheduledThreadPoolExecutor.java:180) [?:1.8.0_181]
	at java.util.concurrent.ScheduledThreadPoolExecutor$ScheduledFutureTask.run(ScheduledThreadPoolExecutor.java:293) [?:1.8.0_181]
	at java.util.concurrent.ThreadPoolExecutor.runWorker(ThreadPoolExecutor.java:1149) [?:1.8.0_181]
	at java.util.concurrent.ThreadPoolExecutor$Worker.run(ThreadPoolExecutor.java:624) [?:1.8.0_181]
	at java.lang.Thread.run(Thread.java:748) [?:1.8.0_181]
